870  [restartedMain] INFO  com.oodles.OodlesTechApplication - Starting OodlesTechApplication on rahul with PID 30422 (/home/rahul/Documents/workspace-sts-3.9.2.RELEASE/Oodles-tech/target/classes started by rahul in /home/rahul/Documents/workspace-sts-3.9.2.RELEASE/Oodles-tech)
872  [restartedMain] INFO  com.oodles.OodlesTechApplication - The following profiles are active: dev
3434 [localhost-startStop-1] INFO  o.s.web.context.ContextLoader - Root WebApplicationContext: initialization completed in 2508 ms
10067 [restartedMain] INFO  o.s.w.s.m.m.a.RequestMappingHandlerMapping - Mapped "{[/v1/assign_activity],methods=[PUT]}" onto public org.springframework.http.ResponseEntity<java.lang.Object> com.oodles.controller.ActivityController.assignActivities(com.oodles.dto.RoleActivityDTO)
10068 [restartedMain] INFO  o.s.w.s.m.m.a.RequestMappingHandlerMapping - Mapped "{[/v1/add_activity],methods=[POST]}" onto public org.springframework.http.ResponseEntity<java.lang.Object> com.oodles.controller.ActivityController.addActivities(com.oodles.domain.Activity)
10069 [restartedMain] INFO  o.s.w.s.m.m.a.RequestMappingHandlerMapping - Mapped "{[/v1/add_exchange],methods=[POST]}" onto org.springframework.http.ResponseEntity<java.lang.Object> com.oodles.controller.ExchangeController.saveExchange(com.oodles.domain.ExchangeCountry)
10070 [restartedMain] INFO  o.s.w.s.m.m.a.RequestMappingHandlerMapping - Mapped "{[/v1/get_exchange],methods=[GET]}" onto org.springframework.http.ResponseEntity<java.lang.Object> com.oodles.controller.ExchangeController.getExchange(java.lang.String)
10070 [restartedMain] INFO  o.s.w.s.m.m.a.RequestMappingHandlerMapping - Mapped "{[/v1/add_market],methods=[POST]}" onto org.springframework.http.ResponseEntity<java.lang.Object> com.oodles.controller.MarketController.saveMarket(com.oodles.dto.MarketDTO)
10071 [restartedMain] INFO  o.s.w.s.m.m.a.RequestMappingHandlerMapping - Mapped "{[/v1/get_market],methods=[GET]}" onto org.springframework.http.ResponseEntity<java.lang.Object> com.oodles.controller.MarketController.getMarket(java.lang.String)
10071 [restartedMain] INFO  o.s.w.s.m.m.a.RequestMappingHandlerMapping - Mapped "{[/v1/add_role],methods=[POST]}" onto public org.springframework.http.ResponseEntity<java.lang.Object> com.oodles.controller.RoleController.addRole(java.lang.String)
10075 [restartedMain] INFO  o.s.w.s.m.m.a.RequestMappingHandlerMapping - Mapped "{[/v1/get_user],methods=[GET]}" onto public org.springframework.http.ResponseEntity<java.lang.Object> com.oodles.controller.UserController.getUserProfile()
10076 [restartedMain] INFO  o.s.w.s.m.m.a.RequestMappingHandlerMapping - Mapped "{[/v1/update_user],methods=[PUT]}" onto public org.springframework.http.ResponseEntity<java.lang.Object> com.oodles.controller.UserController.updateUser(java.lang.Long,com.oodles.dto.UserDTO)
10076 [restartedMain] INFO  o.s.w.s.m.m.a.RequestMappingHandlerMapping - Mapped "{[/v1/edit_user],methods=[PUT]}" onto public org.springframework.http.ResponseEntity<java.lang.Object> com.oodles.controller.UserController.editUserProfile(com.oodles.dto.UserEditDTO)
10077 [restartedMain] INFO  o.s.w.s.m.m.a.RequestMappingHandlerMapping - Mapped "{[/v1/verification],methods=[GET]}" onto org.springframework.http.ResponseEntity<java.lang.Object> com.oodles.controller.UserController.verifyEmail(java.lang.String)
10077 [restartedMain] INFO  o.s.w.s.m.m.a.RequestMappingHandlerMapping - Mapped "{[/v1/add_user],methods=[POST]}" onto org.springframework.http.ResponseEntity<java.lang.Object> com.oodles.controller.UserController.saveUser(com.oodles.domain.User)
10078 [restartedMain] INFO  o.s.w.s.m.m.a.RequestMappingHandlerMapping - Mapped "{[/v2/api-docs],methods=[GET],produces=[application/json || application/hal+json]}" onto public org.springframework.http.ResponseEntity<springfox.documentation.spring.web.json.Json> springfox.documentation.swagger2.web.Swagger2Controller.getDocumentation(java.lang.String,javax.servlet.http.HttpServletRequest)
10081 [restartedMain] INFO  o.s.w.s.m.m.a.RequestMappingHandlerMapping - Mapped "{[/swagger-resources/configuration/security]}" onto org.springframework.http.ResponseEntity<springfox.documentation.swagger.web.SecurityConfiguration> springfox.documentation.swagger.web.ApiResourceController.securityConfiguration()
10082 [restartedMain] INFO  o.s.w.s.m.m.a.RequestMappingHandlerMapping - Mapped "{[/swagger-resources/configuration/ui]}" onto org.springframework.http.ResponseEntity<springfox.documentation.swagger.web.UiConfiguration> springfox.documentation.swagger.web.ApiResourceController.uiConfiguration()
10083 [restartedMain] INFO  o.s.w.s.m.m.a.RequestMappingHandlerMapping - Mapped "{[/swagger-resources]}" onto org.springframework.http.ResponseEntity<java.util.List<springfox.documentation.swagger.web.SwaggerResource>> springfox.documentation.swagger.web.ApiResourceController.swaggerResources()
10088 [restartedMain] INFO  o.s.w.s.m.m.a.RequestMappingHandlerMapping - Mapped "{[/error],produces=[text/html]}" onto public org.springframework.web.servlet.ModelAndView org.springframework.boot.autoconfigure.web.BasicErrorController.errorHtml(javax.servlet.http.HttpServletRequest,javax.servlet.http.HttpServletResponse)
10088 [restartedMain] INFO  o.s.w.s.m.m.a.RequestMappingHandlerMapping - Mapped "{[/error]}" onto public org.springframework.http.ResponseEntity<java.util.Map<java.lang.String, java.lang.Object>> org.springframework.boot.autoconfigure.web.BasicErrorController.error(javax.servlet.http.HttpServletRequest)
10585 [restartedMain] INFO  o.s.w.s.m.m.a.RequestMappingHandlerAdapter - Looking for @ControllerAdvice: org.springframework.boot.context.embedded.AnnotationConfigEmbeddedWebApplicationContext@e9923a4: startup date [Wed Mar 14 13:32:25 IST 2018]; root of context hierarchy
10651 [restartedMain] INFO  o.s.w.s.h.SimpleUrlHandlerMapping - Mapped URL path [/webjars/**] onto handler of type [class org.springframework.web.servlet.resource.ResourceHttpRequestHandler]
10651 [restartedMain] INFO  o.s.w.s.h.SimpleUrlHandlerMapping - Mapped URL path [/**] onto handler of type [class org.springframework.web.servlet.resource.ResourceHttpRequestHandler]
10698 [restartedMain] INFO  o.s.w.s.h.SimpleUrlHandlerMapping - Mapped URL path [/**/favicon.ico] onto handler of type [class org.springframework.web.servlet.resource.ResourceHttpRequestHandler]
11592 [restartedMain] INFO  com.oodles.OodlesTechApplication - Started OodlesTechApplication in 11.307 seconds (JVM running for 12.184)
35903 [http-nio-1119-exec-1] INFO  o.s.web.servlet.DispatcherServlet - FrameworkServlet 'dispatcherServlet': initialization started
35919 [http-nio-1119-exec-1] INFO  o.s.web.servlet.DispatcherServlet - FrameworkServlet 'dispatcherServlet': initialization completed in 16 ms
309527 [http-nio-1119-exec-4] INFO  c.o.controller.MarketController - ------------------------------------------------------------com.oodles.domain.User@14ce85f4
402570 [http-nio-1119-exec-8] INFO  com.oodles.services.UserService - No token found
921  [restartedMain] INFO  com.oodles.OodlesTechApplication - Starting OodlesTechApplication on rahul with PID 31021 (/home/rahul/Documents/workspace-sts-3.9.2.RELEASE/Oodles-tech/target/classes started by rahul in /home/rahul/Documents/workspace-sts-3.9.2.RELEASE/Oodles-tech)
923  [restartedMain] INFO  com.oodles.OodlesTechApplication - The following profiles are active: dev
3554 [localhost-startStop-1] INFO  o.s.web.context.ContextLoader - Root WebApplicationContext: initialization completed in 2559 ms
6853 [restartedMain] INFO  o.s.w.s.m.m.a.RequestMappingHandlerMapping - Mapped "{[/v1/assign_activity],methods=[PUT]}" onto public org.springframework.http.ResponseEntity<java.lang.Object> com.oodles.controller.ActivityController.assignActivities(com.oodles.dto.RoleActivityDTO)
6854 [restartedMain] INFO  o.s.w.s.m.m.a.RequestMappingHandlerMapping - Mapped "{[/v1/add_activity],methods=[POST]}" onto public org.springframework.http.ResponseEntity<java.lang.Object> com.oodles.controller.ActivityController.addActivities(com.oodles.domain.Activity)
6855 [restartedMain] INFO  o.s.w.s.m.m.a.RequestMappingHandlerMapping - Mapped "{[/v1/add_exchange],methods=[POST]}" onto org.springframework.http.ResponseEntity<java.lang.Object> com.oodles.controller.ExchangeController.saveExchange(com.oodles.domain.ExchangeCountry)
6856 [restartedMain] INFO  o.s.w.s.m.m.a.RequestMappingHandlerMapping - Mapped "{[/v1/get_exchange],methods=[GET]}" onto org.springframework.http.ResponseEntity<java.lang.Object> com.oodles.controller.ExchangeController.getExchange(java.lang.String)
6857 [restartedMain] INFO  o.s.w.s.m.m.a.RequestMappingHandlerMapping - Mapped "{[/v1/add_market],methods=[POST]}" onto org.springframework.http.ResponseEntity<java.lang.Object> com.oodles.controller.MarketController.saveMarket(com.oodles.dto.MarketDTO)
6858 [restartedMain] INFO  o.s.w.s.m.m.a.RequestMappingHandlerMapping - Mapped "{[/v1/get_market],methods=[GET]}" onto org.springframework.http.ResponseEntity<java.lang.Object> com.oodles.controller.MarketController.getMarket(java.lang.String)
6858 [restartedMain] INFO  o.s.w.s.m.m.a.RequestMappingHandlerMapping - Mapped "{[/v1/add_role],methods=[POST]}" onto public org.springframework.http.ResponseEntity<java.lang.Object> com.oodles.controller.RoleController.addRole(java.lang.String)
6863 [restartedMain] INFO  o.s.w.s.m.m.a.RequestMappingHandlerMapping - Mapped "{[/v1/add_user],methods=[POST]}" onto org.springframework.http.ResponseEntity<java.lang.Object> com.oodles.controller.UserController.saveUser(com.oodles.domain.User)
6864 [restartedMain] INFO  o.s.w.s.m.m.a.RequestMappingHandlerMapping - Mapped "{[/v1/get_user],methods=[GET]}" onto public org.springframework.http.ResponseEntity<java.lang.Object> com.oodles.controller.UserController.getUserProfile()
6865 [restartedMain] INFO  o.s.w.s.m.m.a.RequestMappingHandlerMapping - Mapped "{[/v1/update_user],methods=[PUT]}" onto public org.springframework.http.ResponseEntity<java.lang.Object> com.oodles.controller.UserController.updateUser(java.lang.Long,com.oodles.dto.UserDTO)
6866 [restartedMain] INFO  o.s.w.s.m.m.a.RequestMappingHandlerMapping - Mapped "{[/v1/edit_user],methods=[PUT]}" onto public org.springframework.http.ResponseEntity<java.lang.Object> com.oodles.controller.UserController.editUserProfile(com.oodles.dto.UserEditDTO)
6866 [restartedMain] INFO  o.s.w.s.m.m.a.RequestMappingHandlerMapping - Mapped "{[/v1/verification],methods=[GET]}" onto org.springframework.http.ResponseEntity<java.lang.Object> com.oodles.controller.UserController.verifyEmail(java.lang.String)
6867 [restartedMain] INFO  o.s.w.s.m.m.a.RequestMappingHandlerMapping - Mapped "{[/v2/api-docs],methods=[GET],produces=[application/json || application/hal+json]}" onto public org.springframework.http.ResponseEntity<springfox.documentation.spring.web.json.Json> springfox.documentation.swagger2.web.Swagger2Controller.getDocumentation(java.lang.String,javax.servlet.http.HttpServletRequest)
6870 [restartedMain] INFO  o.s.w.s.m.m.a.RequestMappingHandlerMapping - Mapped "{[/swagger-resources/configuration/security]}" onto org.springframework.http.ResponseEntity<springfox.documentation.swagger.web.SecurityConfiguration> springfox.documentation.swagger.web.ApiResourceController.securityConfiguration()
6871 [restartedMain] INFO  o.s.w.s.m.m.a.RequestMappingHandlerMapping - Mapped "{[/swagger-resources/configuration/ui]}" onto org.springframework.http.ResponseEntity<springfox.documentation.swagger.web.UiConfiguration> springfox.documentation.swagger.web.ApiResourceController.uiConfiguration()
6872 [restartedMain] INFO  o.s.w.s.m.m.a.RequestMappingHandlerMapping - Mapped "{[/swagger-resources]}" onto org.springframework.http.ResponseEntity<java.util.List<springfox.documentation.swagger.web.SwaggerResource>> springfox.documentation.swagger.web.ApiResourceController.swaggerResources()
6878 [restartedMain] INFO  o.s.w.s.m.m.a.RequestMappingHandlerMapping - Mapped "{[/error],produces=[text/html]}" onto public org.springframework.web.servlet.ModelAndView org.springframework.boot.autoconfigure.web.BasicErrorController.errorHtml(javax.servlet.http.HttpServletRequest,javax.servlet.http.HttpServletResponse)
6879 [restartedMain] INFO  o.s.w.s.m.m.a.RequestMappingHandlerMapping - Mapped "{[/error]}" onto public org.springframework.http.ResponseEntity<java.util.Map<java.lang.String, java.lang.Object>> org.springframework.boot.autoconfigure.web.BasicErrorController.error(javax.servlet.http.HttpServletRequest)
7252 [restartedMain] INFO  o.s.w.s.m.m.a.RequestMappingHandlerAdapter - Looking for @ControllerAdvice: org.springframework.boot.context.embedded.AnnotationConfigEmbeddedWebApplicationContext@7200a0: startup date [Wed Mar 14 13:44:33 IST 2018]; root of context hierarchy
7320 [restartedMain] INFO  o.s.w.s.h.SimpleUrlHandlerMapping - Mapped URL path [/webjars/**] onto handler of type [class org.springframework.web.servlet.resource.ResourceHttpRequestHandler]
7321 [restartedMain] INFO  o.s.w.s.h.SimpleUrlHandlerMapping - Mapped URL path [/**] onto handler of type [class org.springframework.web.servlet.resource.ResourceHttpRequestHandler]
7363 [restartedMain] INFO  o.s.w.s.h.SimpleUrlHandlerMapping - Mapped URL path [/**/favicon.ico] onto handler of type [class org.springframework.web.servlet.resource.ResourceHttpRequestHandler]
8123 [restartedMain] INFO  com.oodles.OodlesTechApplication - Started OodlesTechApplication in 7.805 seconds (JVM running for 8.707)
20998 [http-nio-1119-exec-1] INFO  o.s.web.servlet.DispatcherServlet - FrameworkServlet 'dispatcherServlet': initialization started
21025 [http-nio-1119-exec-1] INFO  o.s.web.servlet.DispatcherServlet - FrameworkServlet 'dispatcherServlet': initialization completed in 27 ms
21110 [http-nio-1119-exec-1] INFO  c.o.controller.MarketController - ------------------------------------------------------------com.oodles.domain.User@6d986771
53126 [http-nio-1119-exec-3] INFO  com.oodles.services.UserService - Email verified successfully for email id :: rahul.rana@oodlestechnologies.com
