1070 [restartedMain] INFO  com.oodles.OodlesTechApplication - Starting OodlesTechApplication on rahul with PID 7190 (/home/rahul/Documents/workspace-sts-3.9.2.RELEASE/Oodles-tech/target/classes started by rahul in /home/rahul/Documents/workspace-sts-3.9.2.RELEASE/Oodles-tech)
1072 [restartedMain] INFO  com.oodles.OodlesTechApplication - The following profiles are active: dev
511  [restartedMain] INFO  com.oodles.OodlesTechApplication - Starting OodlesTechApplication on rahul with PID 7393 (/home/rahul/Documents/workspace-sts-3.9.2.RELEASE/Oodles-tech/target/classes started by rahul in /home/rahul/Documents/workspace-sts-3.9.2.RELEASE/Oodles-tech)
513  [restartedMain] INFO  com.oodles.OodlesTechApplication - The following profiles are active: dev
666  [restartedMain] INFO  com.oodles.OodlesTechApplication - Starting OodlesTechApplication on rahul with PID 7520 (/home/rahul/Documents/workspace-sts-3.9.2.RELEASE/Oodles-tech/target/classes started by rahul in /home/rahul/Documents/workspace-sts-3.9.2.RELEASE/Oodles-tech)
667  [restartedMain] INFO  com.oodles.OodlesTechApplication - The following profiles are active: dev
3119 [localhost-startStop-1] INFO  o.s.web.context.ContextLoader - Root WebApplicationContext: initialization completed in 2394 ms
6948 [restartedMain] INFO  o.s.w.s.m.m.a.RequestMappingHandlerMapping - Mapped "{[/v1/assign_activity],methods=[PUT]}" onto public org.springframework.http.ResponseEntity<java.lang.Object> com.oodles.controller.ActivityController.assignActivities(com.oodles.dto.RoleActivityDTO)
6950 [restartedMain] INFO  o.s.w.s.m.m.a.RequestMappingHandlerMapping - Mapped "{[/v1/add_activity],methods=[POST]}" onto public org.springframework.http.ResponseEntity<java.lang.Object> com.oodles.controller.ActivityController.addActivities(com.oodles.domain.Activity)
6951 [restartedMain] INFO  o.s.w.s.m.m.a.RequestMappingHandlerMapping - Mapped "{[/v1/add_exchange],methods=[POST]}" onto org.springframework.http.ResponseEntity<java.lang.Object> com.oodles.controller.ExchangeController.saveExchange(com.oodles.domain.ExchangeCountry)
6952 [restartedMain] INFO  o.s.w.s.m.m.a.RequestMappingHandlerMapping - Mapped "{[/v1/get_exchange],methods=[GET]}" onto org.springframework.http.ResponseEntity<java.lang.Object> com.oodles.controller.ExchangeController.getExchange(java.lang.String)
6953 [restartedMain] INFO  o.s.w.s.m.m.a.RequestMappingHandlerMapping - Mapped "{[/v1/add_market],methods=[POST]}" onto org.springframework.http.ResponseEntity<java.lang.Object> com.oodles.controller.MarketController.saveMarket(com.oodles.dto.MarketDTO)
6954 [restartedMain] INFO  o.s.w.s.m.m.a.RequestMappingHandlerMapping - Mapped "{[/v1/get_market],methods=[GET]}" onto org.springframework.http.ResponseEntity<java.lang.Object> com.oodles.controller.MarketController.getMarket(java.lang.String)
6955 [restartedMain] INFO  o.s.w.s.m.m.a.RequestMappingHandlerMapping - Mapped "{[/v1/add_role],methods=[POST]}" onto public org.springframework.http.ResponseEntity<java.lang.Object> com.oodles.controller.RoleController.addRole(java.lang.String)
6957 [restartedMain] INFO  o.s.w.s.m.m.a.RequestMappingHandlerMapping - Mapped "{[/v1/edit_user],methods=[PUT]}" onto public org.springframework.http.ResponseEntity<java.lang.Object> com.oodles.controller.UserController.editUserProfile(com.oodles.dto.UserEditDTO)
6958 [restartedMain] INFO  o.s.w.s.m.m.a.RequestMappingHandlerMapping - Mapped "{[/v1/add_user],methods=[POST]}" onto org.springframework.http.ResponseEntity<java.lang.Object> com.oodles.controller.UserController.saveUser(com.oodles.domain.User)
6958 [restartedMain] INFO  o.s.w.s.m.m.a.RequestMappingHandlerMapping - Mapped "{[/v1/get_user],methods=[GET]}" onto public org.springframework.http.ResponseEntity<java.lang.Object> com.oodles.controller.UserController.getUserProfile()
6959 [restartedMain] INFO  o.s.w.s.m.m.a.RequestMappingHandlerMapping - Mapped "{[/v1/update_user],methods=[PUT]}" onto public org.springframework.http.ResponseEntity<java.lang.Object> com.oodles.controller.UserController.updateUser(java.lang.Long,com.oodles.dto.UserDTO)
6961 [restartedMain] INFO  o.s.w.s.m.m.a.RequestMappingHandlerMapping - Mapped "{[/v2/api-docs],methods=[GET],produces=[application/json || application/hal+json]}" onto public org.springframework.http.ResponseEntity<springfox.documentation.spring.web.json.Json> springfox.documentation.swagger2.web.Swagger2Controller.getDocumentation(java.lang.String,javax.servlet.http.HttpServletRequest)
6967 [restartedMain] INFO  o.s.w.s.m.m.a.RequestMappingHandlerMapping - Mapped "{[/swagger-resources/configuration/security]}" onto org.springframework.http.ResponseEntity<springfox.documentation.swagger.web.SecurityConfiguration> springfox.documentation.swagger.web.ApiResourceController.securityConfiguration()
6969 [restartedMain] INFO  o.s.w.s.m.m.a.RequestMappingHandlerMapping - Mapped "{[/swagger-resources/configuration/ui]}" onto org.springframework.http.ResponseEntity<springfox.documentation.swagger.web.UiConfiguration> springfox.documentation.swagger.web.ApiResourceController.uiConfiguration()
6969 [restartedMain] INFO  o.s.w.s.m.m.a.RequestMappingHandlerMapping - Mapped "{[/swagger-resources]}" onto org.springframework.http.ResponseEntity<java.util.List<springfox.documentation.swagger.web.SwaggerResource>> springfox.documentation.swagger.web.ApiResourceController.swaggerResources()
6974 [restartedMain] INFO  o.s.w.s.m.m.a.RequestMappingHandlerMapping - Mapped "{[/error],produces=[text/html]}" onto public org.springframework.web.servlet.ModelAndView org.springframework.boot.autoconfigure.web.BasicErrorController.errorHtml(javax.servlet.http.HttpServletRequest,javax.servlet.http.HttpServletResponse)
6975 [restartedMain] INFO  o.s.w.s.m.m.a.RequestMappingHandlerMapping - Mapped "{[/error]}" onto public org.springframework.http.ResponseEntity<java.util.Map<java.lang.String, java.lang.Object>> org.springframework.boot.autoconfigure.web.BasicErrorController.error(javax.servlet.http.HttpServletRequest)
7270 [restartedMain] INFO  o.s.w.s.m.m.a.RequestMappingHandlerAdapter - Looking for @ControllerAdvice: org.springframework.boot.context.embedded.AnnotationConfigEmbeddedWebApplicationContext@bb439c3: startup date [Tue Mar 06 16:30:41 IST 2018]; root of context hierarchy
7317 [restartedMain] INFO  o.s.w.s.h.SimpleUrlHandlerMapping - Mapped URL path [/webjars/**] onto handler of type [class org.springframework.web.servlet.resource.ResourceHttpRequestHandler]
7317 [restartedMain] INFO  o.s.w.s.h.SimpleUrlHandlerMapping - Mapped URL path [/**] onto handler of type [class org.springframework.web.servlet.resource.ResourceHttpRequestHandler]
7356 [restartedMain] INFO  o.s.w.s.h.SimpleUrlHandlerMapping - Mapped URL path [/**/favicon.ico] onto handler of type [class org.springframework.web.servlet.resource.ResourceHttpRequestHandler]
8316 [restartedMain] INFO  com.oodles.OodlesTechApplication - Started OodlesTechApplication in 8.007 seconds (JVM running for 8.932)
24393 [http-nio-1119-exec-1] INFO  o.s.web.servlet.DispatcherServlet - FrameworkServlet 'dispatcherServlet': initialization started
24410 [http-nio-1119-exec-1] INFO  o.s.web.servlet.DispatcherServlet - FrameworkServlet 'dispatcherServlet': initialization completed in 17 ms
204554 [http-nio-1119-exec-3] INFO  c.o.controller.MarketController - ------------------------------------------------------------com.oodles.domain.User@71f09763
242866 [http-nio-1119-exec-1] INFO  c.o.controller.MarketController - ------------------------------------------------------------com.oodles.domain.User@57f65da1
640851 [http-nio-1119-exec-2] INFO  c.o.controller.MarketController - ------------------------------------------------------------com.oodles.domain.User@442b08af
640875 [http-nio-1119-exec-2] INFO  com.oodles.services.UserService - Exception occured
653617 [http-nio-1119-exec-8] INFO  c.o.controller.MarketController - ------------------------------------------------------------com.oodles.domain.User@548a7d1b
603  [restartedMain] INFO  com.oodles.OodlesTechApplication - Starting OodlesTechApplication on rahul with PID 8322 (/home/rahul/Documents/workspace-sts-3.9.2.RELEASE/Oodles-tech/target/classes started by rahul in /home/rahul/Documents/workspace-sts-3.9.2.RELEASE/Oodles-tech)
605  [restartedMain] INFO  com.oodles.OodlesTechApplication - The following profiles are active: dev
2562 [localhost-startStop-1] INFO  o.s.web.context.ContextLoader - Root WebApplicationContext: initialization completed in 1865 ms
4521 [restartedMain] INFO  o.s.w.s.m.m.a.RequestMappingHandlerMapping - Mapped "{[/v1/assign_activity],methods=[PUT]}" onto public org.springframework.http.ResponseEntity<java.lang.Object> com.oodles.controller.ActivityController.assignActivities(com.oodles.dto.RoleActivityDTO)
4522 [restartedMain] INFO  o.s.w.s.m.m.a.RequestMappingHandlerMapping - Mapped "{[/v1/add_activity],methods=[POST]}" onto public org.springframework.http.ResponseEntity<java.lang.Object> com.oodles.controller.ActivityController.addActivities(com.oodles.domain.Activity)
4523 [restartedMain] INFO  o.s.w.s.m.m.a.RequestMappingHandlerMapping - Mapped "{[/v1/add_exchange],methods=[POST]}" onto org.springframework.http.ResponseEntity<java.lang.Object> com.oodles.controller.ExchangeController.saveExchange(com.oodles.domain.ExchangeCountry)
4523 [restartedMain] INFO  o.s.w.s.m.m.a.RequestMappingHandlerMapping - Mapped "{[/v1/get_exchange],methods=[GET]}" onto org.springframework.http.ResponseEntity<java.lang.Object> com.oodles.controller.ExchangeController.getExchange(java.lang.String)
4524 [restartedMain] INFO  o.s.w.s.m.m.a.RequestMappingHandlerMapping - Mapped "{[/v1/add_market],methods=[POST]}" onto org.springframework.http.ResponseEntity<java.lang.Object> com.oodles.controller.MarketController.saveMarket(com.oodles.dto.MarketDTO)
4525 [restartedMain] INFO  o.s.w.s.m.m.a.RequestMappingHandlerMapping - Mapped "{[/v1/get_market],methods=[GET]}" onto org.springframework.http.ResponseEntity<java.lang.Object> com.oodles.controller.MarketController.getMarket(java.lang.String)
4525 [restartedMain] INFO  o.s.w.s.m.m.a.RequestMappingHandlerMapping - Mapped "{[/v1/add_role],methods=[POST]}" onto public org.springframework.http.ResponseEntity<java.lang.Object> com.oodles.controller.RoleController.addRole(java.lang.String)
4526 [restartedMain] INFO  o.s.w.s.m.m.a.RequestMappingHandlerMapping - Mapped "{[/v1/edit_user],methods=[PUT]}" onto public org.springframework.http.ResponseEntity<java.lang.Object> com.oodles.controller.UserController.editUserProfile(com.oodles.dto.UserEditDTO)
4527 [restartedMain] INFO  o.s.w.s.m.m.a.RequestMappingHandlerMapping - Mapped "{[/v1/add_user],methods=[POST]}" onto org.springframework.http.ResponseEntity<java.lang.Object> com.oodles.controller.UserController.saveUser(com.oodles.domain.User)
4527 [restartedMain] INFO  o.s.w.s.m.m.a.RequestMappingHandlerMapping - Mapped "{[/v1/get_user],methods=[GET]}" onto public org.springframework.http.ResponseEntity<java.lang.Object> com.oodles.controller.UserController.getUserProfile()
4528 [restartedMain] INFO  o.s.w.s.m.m.a.RequestMappingHandlerMapping - Mapped "{[/v1/update_user],methods=[PUT]}" onto public org.springframework.http.ResponseEntity<java.lang.Object> com.oodles.controller.UserController.updateUser(java.lang.Long,com.oodles.dto.UserDTO)
4529 [restartedMain] INFO  o.s.w.s.m.m.a.RequestMappingHandlerMapping - Mapped "{[/v2/api-docs],methods=[GET],produces=[application/json || application/hal+json]}" onto public org.springframework.http.ResponseEntity<springfox.documentation.spring.web.json.Json> springfox.documentation.swagger2.web.Swagger2Controller.getDocumentation(java.lang.String,javax.servlet.http.HttpServletRequest)
4533 [restartedMain] INFO  o.s.w.s.m.m.a.RequestMappingHandlerMapping - Mapped "{[/swagger-resources/configuration/security]}" onto org.springframework.http.ResponseEntity<springfox.documentation.swagger.web.SecurityConfiguration> springfox.documentation.swagger.web.ApiResourceController.securityConfiguration()
4534 [restartedMain] INFO  o.s.w.s.m.m.a.RequestMappingHandlerMapping - Mapped "{[/swagger-resources/configuration/ui]}" onto org.springframework.http.ResponseEntity<springfox.documentation.swagger.web.UiConfiguration> springfox.documentation.swagger.web.ApiResourceController.uiConfiguration()
4535 [restartedMain] INFO  o.s.w.s.m.m.a.RequestMappingHandlerMapping - Mapped "{[/swagger-resources]}" onto org.springframework.http.ResponseEntity<java.util.List<springfox.documentation.swagger.web.SwaggerResource>> springfox.documentation.swagger.web.ApiResourceController.swaggerResources()
4539 [restartedMain] INFO  o.s.w.s.m.m.a.RequestMappingHandlerMapping - Mapped "{[/error],produces=[text/html]}" onto public org.springframework.web.servlet.ModelAndView org.springframework.boot.autoconfigure.web.BasicErrorController.errorHtml(javax.servlet.http.HttpServletRequest,javax.servlet.http.HttpServletResponse)
4539 [restartedMain] INFO  o.s.w.s.m.m.a.RequestMappingHandlerMapping - Mapped "{[/error]}" onto public org.springframework.http.ResponseEntity<java.util.Map<java.lang.String, java.lang.Object>> org.springframework.boot.autoconfigure.web.BasicErrorController.error(javax.servlet.http.HttpServletRequest)
4817 [restartedMain] INFO  o.s.w.s.m.m.a.RequestMappingHandlerAdapter - Looking for @ControllerAdvice: org.springframework.boot.context.embedded.AnnotationConfigEmbeddedWebApplicationContext@dc5047f: startup date [Tue Mar 06 16:55:20 IST 2018]; root of context hierarchy
4861 [restartedMain] INFO  o.s.w.s.h.SimpleUrlHandlerMapping - Mapped URL path [/webjars/**] onto handler of type [class org.springframework.web.servlet.resource.ResourceHttpRequestHandler]
4861 [restartedMain] INFO  o.s.w.s.h.SimpleUrlHandlerMapping - Mapped URL path [/**] onto handler of type [class org.springframework.web.servlet.resource.ResourceHttpRequestHandler]
4895 [restartedMain] INFO  o.s.w.s.h.SimpleUrlHandlerMapping - Mapped URL path [/**/favicon.ico] onto handler of type [class org.springframework.web.servlet.resource.ResourceHttpRequestHandler]
5631 [restartedMain] INFO  com.oodles.OodlesTechApplication - Started OodlesTechApplication in 5.402 seconds (JVM running for 6.129)
548  [restartedMain] INFO  com.oodles.OodlesTechApplication - Starting OodlesTechApplication on rahul with PID 8416 (/home/rahul/Documents/workspace-sts-3.9.2.RELEASE/Oodles-tech/target/classes started by rahul in /home/rahul/Documents/workspace-sts-3.9.2.RELEASE/Oodles-tech)
550  [restartedMain] INFO  com.oodles.OodlesTechApplication - The following profiles are active: dev
2573 [localhost-startStop-1] INFO  o.s.web.context.ContextLoader - Root WebApplicationContext: initialization completed in 1966 ms
4923 [restartedMain] INFO  o.s.w.s.m.m.a.RequestMappingHandlerMapping - Mapped "{[/v1/assign_activity],methods=[PUT]}" onto public org.springframework.http.ResponseEntity<java.lang.Object> com.oodles.controller.ActivityController.assignActivities(com.oodles.dto.RoleActivityDTO)
4924 [restartedMain] INFO  o.s.w.s.m.m.a.RequestMappingHandlerMapping - Mapped "{[/v1/add_activity],methods=[POST]}" onto public org.springframework.http.ResponseEntity<java.lang.Object> com.oodles.controller.ActivityController.addActivities(com.oodles.domain.Activity)
4926 [restartedMain] INFO  o.s.w.s.m.m.a.RequestMappingHandlerMapping - Mapped "{[/v1/add_exchange],methods=[POST]}" onto org.springframework.http.ResponseEntity<java.lang.Object> com.oodles.controller.ExchangeController.saveExchange(com.oodles.domain.ExchangeCountry)
4926 [restartedMain] INFO  o.s.w.s.m.m.a.RequestMappingHandlerMapping - Mapped "{[/v1/get_exchange],methods=[GET]}" onto org.springframework.http.ResponseEntity<java.lang.Object> com.oodles.controller.ExchangeController.getExchange(java.lang.String)
4927 [restartedMain] INFO  o.s.w.s.m.m.a.RequestMappingHandlerMapping - Mapped "{[/v1/add_market],methods=[POST]}" onto org.springframework.http.ResponseEntity<java.lang.Object> com.oodles.controller.MarketController.saveMarket(com.oodles.dto.MarketDTO)
4928 [restartedMain] INFO  o.s.w.s.m.m.a.RequestMappingHandlerMapping - Mapped "{[/v1/get_market],methods=[GET]}" onto org.springframework.http.ResponseEntity<java.lang.Object> com.oodles.controller.MarketController.getMarket(java.lang.String)
4929 [restartedMain] INFO  o.s.w.s.m.m.a.RequestMappingHandlerMapping - Mapped "{[/v1/add_role],methods=[POST]}" onto public org.springframework.http.ResponseEntity<java.lang.Object> com.oodles.controller.RoleController.addRole(java.lang.String)
4930 [restartedMain] INFO  o.s.w.s.m.m.a.RequestMappingHandlerMapping - Mapped "{[/v1/update_user],methods=[PUT]}" onto public org.springframework.http.ResponseEntity<java.lang.Object> com.oodles.controller.UserController.updateUser(java.lang.Long,com.oodles.dto.UserDTO)
4930 [restartedMain] INFO  o.s.w.s.m.m.a.RequestMappingHandlerMapping - Mapped "{[/v1/edit_user],methods=[PUT]}" onto public org.springframework.http.ResponseEntity<java.lang.Object> com.oodles.controller.UserController.editUserProfile(com.oodles.dto.UserEditDTO)
4931 [restartedMain] INFO  o.s.w.s.m.m.a.RequestMappingHandlerMapping - Mapped "{[/v1/add_user],methods=[POST]}" onto org.springframework.http.ResponseEntity<java.lang.Object> com.oodles.controller.UserController.saveUser(com.oodles.domain.User)
4932 [restartedMain] INFO  o.s.w.s.m.m.a.RequestMappingHandlerMapping - Mapped "{[/v1/get_user],methods=[GET]}" onto public org.springframework.http.ResponseEntity<java.lang.Object> com.oodles.controller.UserController.getUserProfile()
4934 [restartedMain] INFO  o.s.w.s.m.m.a.RequestMappingHandlerMapping - Mapped "{[/v2/api-docs],methods=[GET],produces=[application/json || application/hal+json]}" onto public org.springframework.http.ResponseEntity<springfox.documentation.spring.web.json.Json> springfox.documentation.swagger2.web.Swagger2Controller.getDocumentation(java.lang.String,javax.servlet.http.HttpServletRequest)
4940 [restartedMain] INFO  o.s.w.s.m.m.a.RequestMappingHandlerMapping - Mapped "{[/swagger-resources/configuration/security]}" onto org.springframework.http.ResponseEntity<springfox.documentation.swagger.web.SecurityConfiguration> springfox.documentation.swagger.web.ApiResourceController.securityConfiguration()
4941 [restartedMain] INFO  o.s.w.s.m.m.a.RequestMappingHandlerMapping - Mapped "{[/swagger-resources/configuration/ui]}" onto org.springframework.http.ResponseEntity<springfox.documentation.swagger.web.UiConfiguration> springfox.documentation.swagger.web.ApiResourceController.uiConfiguration()
4941 [restartedMain] INFO  o.s.w.s.m.m.a.RequestMappingHandlerMapping - Mapped "{[/swagger-resources]}" onto org.springframework.http.ResponseEntity<java.util.List<springfox.documentation.swagger.web.SwaggerResource>> springfox.documentation.swagger.web.ApiResourceController.swaggerResources()
4945 [restartedMain] INFO  o.s.w.s.m.m.a.RequestMappingHandlerMapping - Mapped "{[/error],produces=[text/html]}" onto public org.springframework.web.servlet.ModelAndView org.springframework.boot.autoconfigure.web.BasicErrorController.errorHtml(javax.servlet.http.HttpServletRequest,javax.servlet.http.HttpServletResponse)
4946 [restartedMain] INFO  o.s.w.s.m.m.a.RequestMappingHandlerMapping - Mapped "{[/error]}" onto public org.springframework.http.ResponseEntity<java.util.Map<java.lang.String, java.lang.Object>> org.springframework.boot.autoconfigure.web.BasicErrorController.error(javax.servlet.http.HttpServletRequest)
5276 [restartedMain] INFO  o.s.w.s.m.m.a.RequestMappingHandlerAdapter - Looking for @ControllerAdvice: org.springframework.boot.context.embedded.AnnotationConfigEmbeddedWebApplicationContext@e9923a4: startup date [Tue Mar 06 16:56:16 IST 2018]; root of context hierarchy
5349 [restartedMain] INFO  o.s.w.s.h.SimpleUrlHandlerMapping - Mapped URL path [/webjars/**] onto handler of type [class org.springframework.web.servlet.resource.ResourceHttpRequestHandler]
5349 [restartedMain] INFO  o.s.w.s.h.SimpleUrlHandlerMapping - Mapped URL path [/**] onto handler of type [class org.springframework.web.servlet.resource.ResourceHttpRequestHandler]
5393 [restartedMain] INFO  o.s.w.s.h.SimpleUrlHandlerMapping - Mapped URL path [/**/favicon.ico] onto handler of type [class org.springframework.web.servlet.resource.ResourceHttpRequestHandler]
6087 [restartedMain] INFO  com.oodles.OodlesTechApplication - Started OodlesTechApplication in 5.859 seconds (JVM running for 6.627)
86122 [http-nio-1119-exec-1] INFO  o.s.web.servlet.DispatcherServlet - FrameworkServlet 'dispatcherServlet': initialization started
86140 [http-nio-1119-exec-1] INFO  o.s.web.servlet.DispatcherServlet - FrameworkServlet 'dispatcherServlet': initialization completed in 18 ms
86199 [http-nio-1119-exec-1] INFO  c.o.controller.MarketController - ------------------------------------------------------------com.oodles.domain.User@1d8312a
134879 [http-nio-1119-exec-2] INFO  c.o.controller.MarketController - ------------------------------------------------------------com.oodles.domain.User@1c881708
546  [restartedMain] INFO  com.oodles.OodlesTechApplication - Starting OodlesTechApplication on rahul with PID 8550 (/home/rahul/Documents/workspace-sts-3.9.2.RELEASE/Oodles-tech/target/classes started by rahul in /home/rahul/Documents/workspace-sts-3.9.2.RELEASE/Oodles-tech)
547  [restartedMain] INFO  com.oodles.OodlesTechApplication - The following profiles are active: dev
2461 [localhost-startStop-1] INFO  o.s.web.context.ContextLoader - Root WebApplicationContext: initialization completed in 1856 ms
4501 [restartedMain] INFO  o.s.w.s.m.m.a.RequestMappingHandlerMapping - Mapped "{[/v1/assign_activity],methods=[PUT]}" onto public org.springframework.http.ResponseEntity<java.lang.Object> com.oodles.controller.ActivityController.assignActivities(com.oodles.dto.RoleActivityDTO)
4502 [restartedMain] INFO  o.s.w.s.m.m.a.RequestMappingHandlerMapping - Mapped "{[/v1/add_activity],methods=[POST]}" onto public org.springframework.http.ResponseEntity<java.lang.Object> com.oodles.controller.ActivityController.addActivities(com.oodles.domain.Activity)
4504 [restartedMain] INFO  o.s.w.s.m.m.a.RequestMappingHandlerMapping - Mapped "{[/v1/add_exchange],methods=[POST]}" onto org.springframework.http.ResponseEntity<java.lang.Object> com.oodles.controller.ExchangeController.saveExchange(com.oodles.domain.ExchangeCountry)
4505 [restartedMain] INFO  o.s.w.s.m.m.a.RequestMappingHandlerMapping - Mapped "{[/v1/get_exchange],methods=[GET]}" onto org.springframework.http.ResponseEntity<java.lang.Object> com.oodles.controller.ExchangeController.getExchange(java.lang.String)
4505 [restartedMain] INFO  o.s.w.s.m.m.a.RequestMappingHandlerMapping - Mapped "{[/v1/add_market],methods=[POST]}" onto org.springframework.http.ResponseEntity<java.lang.Object> com.oodles.controller.MarketController.saveMarket(com.oodles.dto.MarketDTO)
4506 [restartedMain] INFO  o.s.w.s.m.m.a.RequestMappingHandlerMapping - Mapped "{[/v1/get_market],methods=[GET]}" onto org.springframework.http.ResponseEntity<java.lang.Object> com.oodles.controller.MarketController.getMarket(java.lang.String)
4507 [restartedMain] INFO  o.s.w.s.m.m.a.RequestMappingHandlerMapping - Mapped "{[/v1/add_role],methods=[POST]}" onto public org.springframework.http.ResponseEntity<java.lang.Object> com.oodles.controller.RoleController.addRole(java.lang.String)
4508 [restartedMain] INFO  o.s.w.s.m.m.a.RequestMappingHandlerMapping - Mapped "{[/v1/update_user],methods=[PUT]}" onto public org.springframework.http.ResponseEntity<java.lang.Object> com.oodles.controller.UserController.updateUser(java.lang.Long,com.oodles.dto.UserDTO)
4508 [restartedMain] INFO  o.s.w.s.m.m.a.RequestMappingHandlerMapping - Mapped "{[/v1/edit_user],methods=[PUT]}" onto public org.springframework.http.ResponseEntity<java.lang.Object> com.oodles.controller.UserController.editUserProfile(com.oodles.dto.UserEditDTO)
4509 [restartedMain] INFO  o.s.w.s.m.m.a.RequestMappingHandlerMapping - Mapped "{[/v1/add_user],methods=[POST]}" onto org.springframework.http.ResponseEntity<java.lang.Object> com.oodles.controller.UserController.saveUser(com.oodles.domain.User)
4509 [restartedMain] INFO  o.s.w.s.m.m.a.RequestMappingHandlerMapping - Mapped "{[/v1/get_user],methods=[GET]}" onto public org.springframework.http.ResponseEntity<java.lang.Object> com.oodles.controller.UserController.getUserProfile()
4510 [restartedMain] INFO  o.s.w.s.m.m.a.RequestMappingHandlerMapping - Mapped "{[/v2/api-docs],methods=[GET],produces=[application/json || application/hal+json]}" onto public org.springframework.http.ResponseEntity<springfox.documentation.spring.web.json.Json> springfox.documentation.swagger2.web.Swagger2Controller.getDocumentation(java.lang.String,javax.servlet.http.HttpServletRequest)
4514 [restartedMain] INFO  o.s.w.s.m.m.a.RequestMappingHandlerMapping - Mapped "{[/swagger-resources/configuration/security]}" onto org.springframework.http.ResponseEntity<springfox.documentation.swagger.web.SecurityConfiguration> springfox.documentation.swagger.web.ApiResourceController.securityConfiguration()
4515 [restartedMain] INFO  o.s.w.s.m.m.a.RequestMappingHandlerMapping - Mapped "{[/swagger-resources/configuration/ui]}" onto org.springframework.http.ResponseEntity<springfox.documentation.swagger.web.UiConfiguration> springfox.documentation.swagger.web.ApiResourceController.uiConfiguration()
4516 [restartedMain] INFO  o.s.w.s.m.m.a.RequestMappingHandlerMapping - Mapped "{[/swagger-resources]}" onto org.springframework.http.ResponseEntity<java.util.List<springfox.documentation.swagger.web.SwaggerResource>> springfox.documentation.swagger.web.ApiResourceController.swaggerResources()
4520 [restartedMain] INFO  o.s.w.s.m.m.a.RequestMappingHandlerMapping - Mapped "{[/error],produces=[text/html]}" onto public org.springframework.web.servlet.ModelAndView org.springframework.boot.autoconfigure.web.BasicErrorController.errorHtml(javax.servlet.http.HttpServletRequest,javax.servlet.http.HttpServletResponse)
4521 [restartedMain] INFO  o.s.w.s.m.m.a.RequestMappingHandlerMapping - Mapped "{[/error]}" onto public org.springframework.http.ResponseEntity<java.util.Map<java.lang.String, java.lang.Object>> org.springframework.boot.autoconfigure.web.BasicErrorController.error(javax.servlet.http.HttpServletRequest)
4790 [restartedMain] INFO  o.s.w.s.m.m.a.RequestMappingHandlerAdapter - Looking for @ControllerAdvice: org.springframework.boot.context.embedded.AnnotationConfigEmbeddedWebApplicationContext@dc5047f: startup date [Tue Mar 06 16:59:52 IST 2018]; root of context hierarchy
4833 [restartedMain] INFO  o.s.w.s.h.SimpleUrlHandlerMapping - Mapped URL path [/webjars/**] onto handler of type [class org.springframework.web.servlet.resource.ResourceHttpRequestHandler]
4833 [restartedMain] INFO  o.s.w.s.h.SimpleUrlHandlerMapping - Mapped URL path [/**] onto handler of type [class org.springframework.web.servlet.resource.ResourceHttpRequestHandler]
4867 [restartedMain] INFO  o.s.w.s.h.SimpleUrlHandlerMapping - Mapped URL path [/**/favicon.ico] onto handler of type [class org.springframework.web.servlet.resource.ResourceHttpRequestHandler]
5463 [restartedMain] INFO  com.oodles.OodlesTechApplication - Started OodlesTechApplication in 5.251 seconds (JVM running for 5.892)
16755 [http-nio-1119-exec-1] INFO  o.s.web.servlet.DispatcherServlet - FrameworkServlet 'dispatcherServlet': initialization started
16773 [http-nio-1119-exec-1] INFO  o.s.web.servlet.DispatcherServlet - FrameworkServlet 'dispatcherServlet': initialization completed in 17 ms
16830 [http-nio-1119-exec-1] INFO  c.o.controller.MarketController - ------------------------------------------------------------com.oodles.domain.User@4f2aa77b
668  [restartedMain] INFO  com.oodles.OodlesTechApplication - Starting OodlesTechApplication on rahul with PID 9678 (/home/rahul/Documents/workspace-sts-3.9.2.RELEASE/Oodles-tech/target/classes started by rahul in /home/rahul/Documents/workspace-sts-3.9.2.RELEASE/Oodles-tech)
670  [restartedMain] INFO  com.oodles.OodlesTechApplication - The following profiles are active: dev
2740 [localhost-startStop-1] INFO  o.s.web.context.ContextLoader - Root WebApplicationContext: initialization completed in 2001 ms
5359 [restartedMain] INFO  o.s.w.s.m.m.a.RequestMappingHandlerMapping - Mapped "{[/v1/assign_activity],methods=[PUT]}" onto public org.springframework.http.ResponseEntity<java.lang.Object> com.oodles.controller.ActivityController.assignActivities(com.oodles.dto.RoleActivityDTO)
5360 [restartedMain] INFO  o.s.w.s.m.m.a.RequestMappingHandlerMapping - Mapped "{[/v1/add_activity],methods=[POST]}" onto public org.springframework.http.ResponseEntity<java.lang.Object> com.oodles.controller.ActivityController.addActivities(com.oodles.domain.Activity)
5362 [restartedMain] INFO  o.s.w.s.m.m.a.RequestMappingHandlerMapping - Mapped "{[/v1/add_exchange],methods=[POST]}" onto org.springframework.http.ResponseEntity<java.lang.Object> com.oodles.controller.ExchangeController.saveExchange(com.oodles.domain.ExchangeCountry)
5363 [restartedMain] INFO  o.s.w.s.m.m.a.RequestMappingHandlerMapping - Mapped "{[/v1/get_exchange],methods=[GET]}" onto org.springframework.http.ResponseEntity<java.lang.Object> com.oodles.controller.ExchangeController.getExchange(java.lang.String)
5364 [restartedMain] INFO  o.s.w.s.m.m.a.RequestMappingHandlerMapping - Mapped "{[/v1/add_market],methods=[POST]}" onto org.springframework.http.ResponseEntity<java.lang.Object> com.oodles.controller.MarketController.saveMarket(com.oodles.dto.MarketDTO)
5364 [restartedMain] INFO  o.s.w.s.m.m.a.RequestMappingHandlerMapping - Mapped "{[/v1/get_market],methods=[GET]}" onto org.springframework.http.ResponseEntity<java.lang.Object> com.oodles.controller.MarketController.getMarket(java.lang.String)
5365 [restartedMain] INFO  o.s.w.s.m.m.a.RequestMappingHandlerMapping - Mapped "{[/v1/add_role],methods=[POST]}" onto public org.springframework.http.ResponseEntity<java.lang.Object> com.oodles.controller.RoleController.addRole(java.lang.String)
5366 [restartedMain] INFO  o.s.w.s.m.m.a.RequestMappingHandlerMapping - Mapped "{[/v1/edit_user],methods=[PUT]}" onto public org.springframework.http.ResponseEntity<java.lang.Object> com.oodles.controller.UserController.editUserProfile(com.oodles.dto.UserEditDTO)
5367 [restartedMain] INFO  o.s.w.s.m.m.a.RequestMappingHandlerMapping - Mapped "{[/v1/add_user],methods=[POST]}" onto org.springframework.http.ResponseEntity<java.lang.Object> com.oodles.controller.UserController.saveUser(com.oodles.domain.User)
5367 [restartedMain] INFO  o.s.w.s.m.m.a.RequestMappingHandlerMapping - Mapped "{[/v1/get_user],methods=[GET]}" onto public org.springframework.http.ResponseEntity<java.lang.Object> com.oodles.controller.UserController.getUserProfile()
5368 [restartedMain] INFO  o.s.w.s.m.m.a.RequestMappingHandlerMapping - Mapped "{[/v1/update_user],methods=[PUT]}" onto public org.springframework.http.ResponseEntity<java.lang.Object> com.oodles.controller.UserController.updateUser(java.lang.Long,com.oodles.dto.UserDTO)
5370 [restartedMain] INFO  o.s.w.s.m.m.a.RequestMappingHandlerMapping - Mapped "{[/v2/api-docs],methods=[GET],produces=[application/json || application/hal+json]}" onto public org.springframework.http.ResponseEntity<springfox.documentation.spring.web.json.Json> springfox.documentation.swagger2.web.Swagger2Controller.getDocumentation(java.lang.String,javax.servlet.http.HttpServletRequest)
5375 [restartedMain] INFO  o.s.w.s.m.m.a.RequestMappingHandlerMapping - Mapped "{[/swagger-resources/configuration/security]}" onto org.springframework.http.ResponseEntity<springfox.documentation.swagger.web.SecurityConfiguration> springfox.documentation.swagger.web.ApiResourceController.securityConfiguration()
5376 [restartedMain] INFO  o.s.w.s.m.m.a.RequestMappingHandlerMapping - Mapped "{[/swagger-resources/configuration/ui]}" onto org.springframework.http.ResponseEntity<springfox.documentation.swagger.web.UiConfiguration> springfox.documentation.swagger.web.ApiResourceController.uiConfiguration()
5377 [restartedMain] INFO  o.s.w.s.m.m.a.RequestMappingHandlerMapping - Mapped "{[/swagger-resources]}" onto org.springframework.http.ResponseEntity<java.util.List<springfox.documentation.swagger.web.SwaggerResource>> springfox.documentation.swagger.web.ApiResourceController.swaggerResources()
5382 [restartedMain] INFO  o.s.w.s.m.m.a.RequestMappingHandlerMapping - Mapped "{[/error],produces=[text/html]}" onto public org.springframework.web.servlet.ModelAndView org.springframework.boot.autoconfigure.web.BasicErrorController.errorHtml(javax.servlet.http.HttpServletRequest,javax.servlet.http.HttpServletResponse)
5382 [restartedMain] INFO  o.s.w.s.m.m.a.RequestMappingHandlerMapping - Mapped "{[/error]}" onto public org.springframework.http.ResponseEntity<java.util.Map<java.lang.String, java.lang.Object>> org.springframework.boot.autoconfigure.web.BasicErrorController.error(javax.servlet.http.HttpServletRequest)
5726 [restartedMain] INFO  o.s.w.s.m.m.a.RequestMappingHandlerAdapter - Looking for @ControllerAdvice: org.springframework.boot.context.embedded.AnnotationConfigEmbeddedWebApplicationContext@2577dcaa: startup date [Tue Mar 06 17:44:56 IST 2018]; root of context hierarchy
5779 [restartedMain] INFO  o.s.w.s.h.SimpleUrlHandlerMapping - Mapped URL path [/webjars/**] onto handler of type [class org.springframework.web.servlet.resource.ResourceHttpRequestHandler]
5779 [restartedMain] INFO  o.s.w.s.h.SimpleUrlHandlerMapping - Mapped URL path [/**] onto handler of type [class org.springframework.web.servlet.resource.ResourceHttpRequestHandler]
5822 [restartedMain] INFO  o.s.w.s.h.SimpleUrlHandlerMapping - Mapped URL path [/**/favicon.ico] onto handler of type [class org.springframework.web.servlet.resource.ResourceHttpRequestHandler]
6528 [restartedMain] INFO  com.oodles.OodlesTechApplication - Started OodlesTechApplication in 6.216 seconds (JVM running for 7.15)
22888 [http-nio-1119-exec-1] INFO  o.s.web.servlet.DispatcherServlet - FrameworkServlet 'dispatcherServlet': initialization started
22904 [http-nio-1119-exec-1] INFO  o.s.web.servlet.DispatcherServlet - FrameworkServlet 'dispatcherServlet': initialization completed in 16 ms
22966 [http-nio-1119-exec-1] INFO  c.o.controller.MarketController - ------------------------------------------------------------com.oodles.domain.User@25f80fe6
57307 [http-nio-1119-exec-2] INFO  c.o.controller.MarketController - ------------------------------------------------------------com.oodles.domain.User@25aa5459
71493 [http-nio-1119-exec-3] INFO  c.o.controller.MarketController - ------------------------------------------------------------com.oodles.domain.User@4971b0c9
314992 [http-nio-1119-exec-4] INFO  c.o.controller.MarketController - ------------------------------------------------------------com.oodles.domain.User@5431e837
666  [restartedMain] INFO  com.oodles.OodlesTechApplication - Starting OodlesTechApplication on rahul with PID 10549 (/home/rahul/Documents/workspace-sts-3.9.2.RELEASE/Oodles-tech/target/classes started by rahul in /home/rahul/Documents/workspace-sts-3.9.2.RELEASE/Oodles-tech)
667  [restartedMain] INFO  com.oodles.OodlesTechApplication - The following profiles are active: dev
2824 [localhost-startStop-1] INFO  o.s.web.context.ContextLoader - Root WebApplicationContext: initialization completed in 2092 ms
5409 [restartedMain] INFO  o.s.w.s.m.m.a.RequestMappingHandlerMapping - Mapped "{[/v1/assign_activity],methods=[PUT]}" onto public org.springframework.http.ResponseEntity<java.lang.Object> com.oodles.controller.ActivityController.assignActivities(com.oodles.dto.RoleActivityDTO)
5412 [restartedMain] INFO  o.s.w.s.m.m.a.RequestMappingHandlerMapping - Mapped "{[/v1/add_activity],methods=[POST]}" onto public org.springframework.http.ResponseEntity<java.lang.Object> com.oodles.controller.ActivityController.addActivities(com.oodles.domain.Activity)
5413 [restartedMain] INFO  o.s.w.s.m.m.a.RequestMappingHandlerMapping - Mapped "{[/v1/add_exchange],methods=[POST]}" onto org.springframework.http.ResponseEntity<java.lang.Object> com.oodles.controller.ExchangeController.saveExchange(com.oodles.domain.ExchangeCountry)
5414 [restartedMain] INFO  o.s.w.s.m.m.a.RequestMappingHandlerMapping - Mapped "{[/v1/get_exchange],methods=[GET]}" onto org.springframework.http.ResponseEntity<java.lang.Object> com.oodles.controller.ExchangeController.getExchange(java.lang.String)
5415 [restartedMain] INFO  o.s.w.s.m.m.a.RequestMappingHandlerMapping - Mapped "{[/v1/add_market],methods=[POST]}" onto org.springframework.http.ResponseEntity<java.lang.Object> com.oodles.controller.MarketController.saveMarket(com.oodles.dto.MarketDTO)
5415 [restartedMain] INFO  o.s.w.s.m.m.a.RequestMappingHandlerMapping - Mapped "{[/v1/get_market],methods=[GET]}" onto org.springframework.http.ResponseEntity<java.lang.Object> com.oodles.controller.MarketController.getMarket(java.lang.String)
5417 [restartedMain] INFO  o.s.w.s.m.m.a.RequestMappingHandlerMapping - Mapped "{[/v1/add_role],methods=[POST]}" onto public org.springframework.http.ResponseEntity<java.lang.Object> com.oodles.controller.RoleController.addRole(java.lang.String)
5419 [restartedMain] INFO  o.s.w.s.m.m.a.RequestMappingHandlerMapping - Mapped "{[/v1/update_user],methods=[PUT]}" onto public org.springframework.http.ResponseEntity<java.lang.Object> com.oodles.controller.UserController.updateUser(java.lang.Long,com.oodles.dto.UserDTO)
5420 [restartedMain] INFO  o.s.w.s.m.m.a.RequestMappingHandlerMapping - Mapped "{[/v1/edit_user],methods=[PUT]}" onto public org.springframework.http.ResponseEntity<java.lang.Object> com.oodles.controller.UserController.editUserProfile(com.oodles.dto.UserEditDTO)
5421 [restartedMain] INFO  o.s.w.s.m.m.a.RequestMappingHandlerMapping - Mapped "{[/v1/add_user],methods=[POST]}" onto org.springframework.http.ResponseEntity<java.lang.Object> com.oodles.controller.UserController.saveUser(com.oodles.domain.User)
5422 [restartedMain] INFO  o.s.w.s.m.m.a.RequestMappingHandlerMapping - Mapped "{[/v1/get_user],methods=[GET]}" onto public org.springframework.http.ResponseEntity<java.lang.Object> com.oodles.controller.UserController.getUserProfile()
5424 [restartedMain] INFO  o.s.w.s.m.m.a.RequestMappingHandlerMapping - Mapped "{[/v2/api-docs],methods=[GET],produces=[application/json || application/hal+json]}" onto public org.springframework.http.ResponseEntity<springfox.documentation.spring.web.json.Json> springfox.documentation.swagger2.web.Swagger2Controller.getDocumentation(java.lang.String,javax.servlet.http.HttpServletRequest)
5430 [restartedMain] INFO  o.s.w.s.m.m.a.RequestMappingHandlerMapping - Mapped "{[/swagger-resources/configuration/security]}" onto org.springframework.http.ResponseEntity<springfox.documentation.swagger.web.SecurityConfiguration> springfox.documentation.swagger.web.ApiResourceController.securityConfiguration()
5432 [restartedMain] INFO  o.s.w.s.m.m.a.RequestMappingHandlerMapping - Mapped "{[/swagger-resources/configuration/ui]}" onto org.springframework.http.ResponseEntity<springfox.documentation.swagger.web.UiConfiguration> springfox.documentation.swagger.web.ApiResourceController.uiConfiguration()
5433 [restartedMain] INFO  o.s.w.s.m.m.a.RequestMappingHandlerMapping - Mapped "{[/swagger-resources]}" onto org.springframework.http.ResponseEntity<java.util.List<springfox.documentation.swagger.web.SwaggerResource>> springfox.documentation.swagger.web.ApiResourceController.swaggerResources()
5438 [restartedMain] INFO  o.s.w.s.m.m.a.RequestMappingHandlerMapping - Mapped "{[/error],produces=[text/html]}" onto public org.springframework.web.servlet.ModelAndView org.springframework.boot.autoconfigure.web.BasicErrorController.errorHtml(javax.servlet.http.HttpServletRequest,javax.servlet.http.HttpServletResponse)
5439 [restartedMain] INFO  o.s.w.s.m.m.a.RequestMappingHandlerMapping - Mapped "{[/error]}" onto public org.springframework.http.ResponseEntity<java.util.Map<java.lang.String, java.lang.Object>> org.springframework.boot.autoconfigure.web.BasicErrorController.error(javax.servlet.http.HttpServletRequest)
5844 [restartedMain] INFO  o.s.w.s.m.m.a.RequestMappingHandlerAdapter - Looking for @ControllerAdvice: org.springframework.boot.context.embedded.AnnotationConfigEmbeddedWebApplicationContext@6246eded: startup date [Tue Mar 06 18:09:43 IST 2018]; root of context hierarchy
5921 [restartedMain] INFO  o.s.w.s.h.SimpleUrlHandlerMapping - Mapped URL path [/webjars/**] onto handler of type [class org.springframework.web.servlet.resource.ResourceHttpRequestHandler]
5921 [restartedMain] INFO  o.s.w.s.h.SimpleUrlHandlerMapping - Mapped URL path [/**] onto handler of type [class org.springframework.web.servlet.resource.ResourceHttpRequestHandler]
5960 [restartedMain] INFO  o.s.w.s.h.SimpleUrlHandlerMapping - Mapped URL path [/**/favicon.ico] onto handler of type [class org.springframework.web.servlet.resource.ResourceHttpRequestHandler]
6696 [restartedMain] INFO  com.oodles.OodlesTechApplication - Started OodlesTechApplication in 6.398 seconds (JVM running for 7.325)
53992 [http-nio-1119-exec-1] INFO  o.s.web.servlet.DispatcherServlet - FrameworkServlet 'dispatcherServlet': initialization started
54010 [http-nio-1119-exec-1] INFO  o.s.web.servlet.DispatcherServlet - FrameworkServlet 'dispatcherServlet': initialization completed in 18 ms
54072 [http-nio-1119-exec-1] INFO  c.o.controller.MarketController - ------------------------------------------------------------com.oodles.domain.User@51be4a4
571  [restartedMain] INFO  com.oodles.OodlesTechApplication - Starting OodlesTechApplication on rahul with PID 10654 (/home/rahul/Documents/workspace-sts-3.9.2.RELEASE/Oodles-tech/target/classes started by rahul in /home/rahul/Documents/workspace-sts-3.9.2.RELEASE/Oodles-tech)
572  [restartedMain] INFO  com.oodles.OodlesTechApplication - The following profiles are active: dev
2416 [localhost-startStop-1] INFO  o.s.web.context.ContextLoader - Root WebApplicationContext: initialization completed in 1793 ms
4490 [restartedMain] INFO  o.s.w.s.m.m.a.RequestMappingHandlerMapping - Mapped "{[/v1/assign_activity],methods=[PUT]}" onto public org.springframework.http.ResponseEntity<java.lang.Object> com.oodles.controller.ActivityController.assignActivities(com.oodles.dto.RoleActivityDTO)
4492 [restartedMain] INFO  o.s.w.s.m.m.a.RequestMappingHandlerMapping - Mapped "{[/v1/add_activity],methods=[POST]}" onto public org.springframework.http.ResponseEntity<java.lang.Object> com.oodles.controller.ActivityController.addActivities(com.oodles.domain.Activity)
4493 [restartedMain] INFO  o.s.w.s.m.m.a.RequestMappingHandlerMapping - Mapped "{[/v1/add_exchange],methods=[POST]}" onto org.springframework.http.ResponseEntity<java.lang.Object> com.oodles.controller.ExchangeController.saveExchange(com.oodles.domain.ExchangeCountry)
4493 [restartedMain] INFO  o.s.w.s.m.m.a.RequestMappingHandlerMapping - Mapped "{[/v1/get_exchange],methods=[GET]}" onto org.springframework.http.ResponseEntity<java.lang.Object> com.oodles.controller.ExchangeController.getExchange(java.lang.String)
4494 [restartedMain] INFO  o.s.w.s.m.m.a.RequestMappingHandlerMapping - Mapped "{[/v1/add_market],methods=[POST]}" onto org.springframework.http.ResponseEntity<java.lang.Object> com.oodles.controller.MarketController.saveMarket(com.oodles.dto.MarketDTO)
4495 [restartedMain] INFO  o.s.w.s.m.m.a.RequestMappingHandlerMapping - Mapped "{[/v1/get_market],methods=[GET]}" onto org.springframework.http.ResponseEntity<java.lang.Object> com.oodles.controller.MarketController.getMarket(java.lang.String)
4495 [restartedMain] INFO  o.s.w.s.m.m.a.RequestMappingHandlerMapping - Mapped "{[/v1/add_role],methods=[POST]}" onto public org.springframework.http.ResponseEntity<java.lang.Object> com.oodles.controller.RoleController.addRole(java.lang.String)
4497 [restartedMain] INFO  o.s.w.s.m.m.a.RequestMappingHandlerMapping - Mapped "{[/v1/add_user],methods=[POST]}" onto org.springframework.http.ResponseEntity<java.lang.Object> com.oodles.controller.UserController.saveUser(com.oodles.domain.User)
4497 [restartedMain] INFO  o.s.w.s.m.m.a.RequestMappingHandlerMapping - Mapped "{[/v1/get_user],methods=[GET]}" onto public org.springframework.http.ResponseEntity<java.lang.Object> com.oodles.controller.UserController.getUserProfile()
4497 [restartedMain] INFO  o.s.w.s.m.m.a.RequestMappingHandlerMapping - Mapped "{[/v1/update_user],methods=[PUT]}" onto public org.springframework.http.ResponseEntity<java.lang.Object> com.oodles.controller.UserController.updateUser(java.lang.Long,com.oodles.dto.UserDTO)
4498 [restartedMain] INFO  o.s.w.s.m.m.a.RequestMappingHandlerMapping - Mapped "{[/v1/edit_user],methods=[PUT]}" onto public org.springframework.http.ResponseEntity<java.lang.Object> com.oodles.controller.UserController.editUserProfile(com.oodles.dto.UserEditDTO)
4499 [restartedMain] INFO  o.s.w.s.m.m.a.RequestMappingHandlerMapping - Mapped "{[/v2/api-docs],methods=[GET],produces=[application/json || application/hal+json]}" onto public org.springframework.http.ResponseEntity<springfox.documentation.spring.web.json.Json> springfox.documentation.swagger2.web.Swagger2Controller.getDocumentation(java.lang.String,javax.servlet.http.HttpServletRequest)
4503 [restartedMain] INFO  o.s.w.s.m.m.a.RequestMappingHandlerMapping - Mapped "{[/swagger-resources/configuration/security]}" onto org.springframework.http.ResponseEntity<springfox.documentation.swagger.web.SecurityConfiguration> springfox.documentation.swagger.web.ApiResourceController.securityConfiguration()
4504 [restartedMain] INFO  o.s.w.s.m.m.a.RequestMappingHandlerMapping - Mapped "{[/swagger-resources/configuration/ui]}" onto org.springframework.http.ResponseEntity<springfox.documentation.swagger.web.UiConfiguration> springfox.documentation.swagger.web.ApiResourceController.uiConfiguration()
4505 [restartedMain] INFO  o.s.w.s.m.m.a.RequestMappingHandlerMapping - Mapped "{[/swagger-resources]}" onto org.springframework.http.ResponseEntity<java.util.List<springfox.documentation.swagger.web.SwaggerResource>> springfox.documentation.swagger.web.ApiResourceController.swaggerResources()
4509 [restartedMain] INFO  o.s.w.s.m.m.a.RequestMappingHandlerMapping - Mapped "{[/error],produces=[text/html]}" onto public org.springframework.web.servlet.ModelAndView org.springframework.boot.autoconfigure.web.BasicErrorController.errorHtml(javax.servlet.http.HttpServletRequest,javax.servlet.http.HttpServletResponse)
4510 [restartedMain] INFO  o.s.w.s.m.m.a.RequestMappingHandlerMapping - Mapped "{[/error]}" onto public org.springframework.http.ResponseEntity<java.util.Map<java.lang.String, java.lang.Object>> org.springframework.boot.autoconfigure.web.BasicErrorController.error(javax.servlet.http.HttpServletRequest)
4797 [restartedMain] INFO  o.s.w.s.m.m.a.RequestMappingHandlerAdapter - Looking for @ControllerAdvice: org.springframework.boot.context.embedded.AnnotationConfigEmbeddedWebApplicationContext@48f3ea64: startup date [Tue Mar 06 18:11:44 IST 2018]; root of context hierarchy
4841 [restartedMain] INFO  o.s.w.s.h.SimpleUrlHandlerMapping - Mapped URL path [/webjars/**] onto handler of type [class org.springframework.web.servlet.resource.ResourceHttpRequestHandler]
4842 [restartedMain] INFO  o.s.w.s.h.SimpleUrlHandlerMapping - Mapped URL path [/**] onto handler of type [class org.springframework.web.servlet.resource.ResourceHttpRequestHandler]
4878 [restartedMain] INFO  o.s.w.s.h.SimpleUrlHandlerMapping - Mapped URL path [/**/favicon.ico] onto handler of type [class org.springframework.web.servlet.resource.ResourceHttpRequestHandler]
5485 [restartedMain] INFO  com.oodles.OodlesTechApplication - Started OodlesTechApplication in 5.223 seconds (JVM running for 5.928)
10339 [http-nio-1119-exec-1] INFO  o.s.web.servlet.DispatcherServlet - FrameworkServlet 'dispatcherServlet': initialization started
10356 [http-nio-1119-exec-1] INFO  o.s.web.servlet.DispatcherServlet - FrameworkServlet 'dispatcherServlet': initialization completed in 17 ms
10420 [http-nio-1119-exec-1] INFO  c.o.controller.MarketController - ------------------------------------------------------------com.oodles.domain.User@3c050ca0
549  [restartedMain] INFO  com.oodles.OodlesTechApplication - Starting OodlesTechApplication on rahul with PID 10793 (/home/rahul/Documents/workspace-sts-3.9.2.RELEASE/Oodles-tech/target/classes started by rahul in /home/rahul/Documents/workspace-sts-3.9.2.RELEASE/Oodles-tech)
550  [restartedMain] INFO  com.oodles.OodlesTechApplication - The following profiles are active: dev
2732 [localhost-startStop-1] INFO  o.s.web.context.ContextLoader - Root WebApplicationContext: initialization completed in 2105 ms
4982 [restartedMain] INFO  o.s.w.s.m.m.a.RequestMappingHandlerMapping - Mapped "{[/v1/assign_activity],methods=[PUT]}" onto public org.springframework.http.ResponseEntity<java.lang.Object> com.oodles.controller.ActivityController.assignActivities(com.oodles.dto.RoleActivityDTO)
4983 [restartedMain] INFO  o.s.w.s.m.m.a.RequestMappingHandlerMapping - Mapped "{[/v1/add_activity],methods=[POST]}" onto public org.springframework.http.ResponseEntity<java.lang.Object> com.oodles.controller.ActivityController.addActivities(com.oodles.domain.Activity)
4984 [restartedMain] INFO  o.s.w.s.m.m.a.RequestMappingHandlerMapping - Mapped "{[/v1/add_exchange],methods=[POST]}" onto org.springframework.http.ResponseEntity<java.lang.Object> com.oodles.controller.ExchangeController.saveExchange(com.oodles.domain.ExchangeCountry)
4985 [restartedMain] INFO  o.s.w.s.m.m.a.RequestMappingHandlerMapping - Mapped "{[/v1/get_exchange],methods=[GET]}" onto org.springframework.http.ResponseEntity<java.lang.Object> com.oodles.controller.ExchangeController.getExchange(java.lang.String)
4986 [restartedMain] INFO  o.s.w.s.m.m.a.RequestMappingHandlerMapping - Mapped "{[/v1/add_market],methods=[POST]}" onto org.springframework.http.ResponseEntity<java.lang.Object> com.oodles.controller.MarketController.saveMarket(com.oodles.dto.MarketDTO)
4986 [restartedMain] INFO  o.s.w.s.m.m.a.RequestMappingHandlerMapping - Mapped "{[/v1/get_market],methods=[GET]}" onto org.springframework.http.ResponseEntity<java.lang.Object> com.oodles.controller.MarketController.getMarket(java.lang.String)
4987 [restartedMain] INFO  o.s.w.s.m.m.a.RequestMappingHandlerMapping - Mapped "{[/v1/add_role],methods=[POST]}" onto public org.springframework.http.ResponseEntity<java.lang.Object> com.oodles.controller.RoleController.addRole(java.lang.String)
4988 [restartedMain] INFO  o.s.w.s.m.m.a.RequestMappingHandlerMapping - Mapped "{[/v1/update_user],methods=[PUT]}" onto public org.springframework.http.ResponseEntity<java.lang.Object> com.oodles.controller.UserController.updateUser(java.lang.Long,com.oodles.dto.UserDTO)
4989 [restartedMain] INFO  o.s.w.s.m.m.a.RequestMappingHandlerMapping - Mapped "{[/v1/edit_user],methods=[PUT]}" onto public org.springframework.http.ResponseEntity<java.lang.Object> com.oodles.controller.UserController.editUserProfile(com.oodles.dto.UserEditDTO)
4989 [restartedMain] INFO  o.s.w.s.m.m.a.RequestMappingHandlerMapping - Mapped "{[/v1/add_user],methods=[POST]}" onto org.springframework.http.ResponseEntity<java.lang.Object> com.oodles.controller.UserController.saveUser(com.oodles.domain.User)
4990 [restartedMain] INFO  o.s.w.s.m.m.a.RequestMappingHandlerMapping - Mapped "{[/v1/get_user],methods=[GET]}" onto public org.springframework.http.ResponseEntity<java.lang.Object> com.oodles.controller.UserController.getUserProfile()
4991 [restartedMain] INFO  o.s.w.s.m.m.a.RequestMappingHandlerMapping - Mapped "{[/v2/api-docs],methods=[GET],produces=[application/json || application/hal+json]}" onto public org.springframework.http.ResponseEntity<springfox.documentation.spring.web.json.Json> springfox.documentation.swagger2.web.Swagger2Controller.getDocumentation(java.lang.String,javax.servlet.http.HttpServletRequest)
4995 [restartedMain] INFO  o.s.w.s.m.m.a.RequestMappingHandlerMapping - Mapped "{[/swagger-resources/configuration/security]}" onto org.springframework.http.ResponseEntity<springfox.documentation.swagger.web.SecurityConfiguration> springfox.documentation.swagger.web.ApiResourceController.securityConfiguration()
4996 [restartedMain] INFO  o.s.w.s.m.m.a.RequestMappingHandlerMapping - Mapped "{[/swagger-resources/configuration/ui]}" onto org.springframework.http.ResponseEntity<springfox.documentation.swagger.web.UiConfiguration> springfox.documentation.swagger.web.ApiResourceController.uiConfiguration()
4997 [restartedMain] INFO  o.s.w.s.m.m.a.RequestMappingHandlerMapping - Mapped "{[/swagger-resources]}" onto org.springframework.http.ResponseEntity<java.util.List<springfox.documentation.swagger.web.SwaggerResource>> springfox.documentation.swagger.web.ApiResourceController.swaggerResources()
5000 [restartedMain] INFO  o.s.w.s.m.m.a.RequestMappingHandlerMapping - Mapped "{[/error],produces=[text/html]}" onto public org.springframework.web.servlet.ModelAndView org.springframework.boot.autoconfigure.web.BasicErrorController.errorHtml(javax.servlet.http.HttpServletRequest,javax.servlet.http.HttpServletResponse)
5001 [restartedMain] INFO  o.s.w.s.m.m.a.RequestMappingHandlerMapping - Mapped "{[/error]}" onto public org.springframework.http.ResponseEntity<java.util.Map<java.lang.String, java.lang.Object>> org.springframework.boot.autoconfigure.web.BasicErrorController.error(javax.servlet.http.HttpServletRequest)
5278 [restartedMain] INFO  o.s.w.s.m.m.a.RequestMappingHandlerAdapter - Looking for @ControllerAdvice: org.springframework.boot.context.embedded.AnnotationConfigEmbeddedWebApplicationContext@10f80905: startup date [Tue Mar 06 18:13:19 IST 2018]; root of context hierarchy
5324 [restartedMain] INFO  o.s.w.s.h.SimpleUrlHandlerMapping - Mapped URL path [/webjars/**] onto handler of type [class org.springframework.web.servlet.resource.ResourceHttpRequestHandler]
5324 [restartedMain] INFO  o.s.w.s.h.SimpleUrlHandlerMapping - Mapped URL path [/**] onto handler of type [class org.springframework.web.servlet.resource.ResourceHttpRequestHandler]
5364 [restartedMain] INFO  o.s.w.s.h.SimpleUrlHandlerMapping - Mapped URL path [/**/favicon.ico] onto handler of type [class org.springframework.web.servlet.resource.ResourceHttpRequestHandler]
6008 [restartedMain] INFO  com.oodles.OodlesTechApplication - Started OodlesTechApplication in 5.773 seconds (JVM running for 6.626)
8978 [http-nio-1119-exec-1] INFO  o.s.web.servlet.DispatcherServlet - FrameworkServlet 'dispatcherServlet': initialization started
8998 [http-nio-1119-exec-1] INFO  o.s.web.servlet.DispatcherServlet - FrameworkServlet 'dispatcherServlet': initialization completed in 20 ms
9065 [http-nio-1119-exec-1] INFO  c.o.controller.MarketController - ------------------------------------------------------------com.oodles.domain.User@6d83d714
1132833 [http-nio-1119-exec-2] INFO  c.o.controller.MarketController - ------------------------------------------------------------com.oodles.domain.User@2be46fe
1238393 [http-nio-1119-exec-3] INFO  c.o.controller.MarketController - ------------------------------------------------------------com.oodles.domain.User@1c720eda
561  [restartedMain] INFO  com.oodles.OodlesTechApplication - Starting OodlesTechApplication on rahul with PID 11219 (/home/rahul/Documents/workspace-sts-3.9.2.RELEASE/Oodles-tech/target/classes started by rahul in /home/rahul/Documents/workspace-sts-3.9.2.RELEASE/Oodles-tech)
562  [restartedMain] INFO  com.oodles.OodlesTechApplication - The following profiles are active: dev
2589 [localhost-startStop-1] INFO  o.s.web.context.ContextLoader - Root WebApplicationContext: initialization completed in 1980 ms
4941 [restartedMain] INFO  o.s.w.s.m.m.a.RequestMappingHandlerMapping - Mapped "{[/v1/assign_activity],methods=[PUT]}" onto public org.springframework.http.ResponseEntity<java.lang.Object> com.oodles.controller.ActivityController.assignActivities(com.oodles.dto.RoleActivityDTO)
4942 [restartedMain] INFO  o.s.w.s.m.m.a.RequestMappingHandlerMapping - Mapped "{[/v1/add_activity],methods=[POST]}" onto public org.springframework.http.ResponseEntity<java.lang.Object> com.oodles.controller.ActivityController.addActivities(com.oodles.domain.Activity)
4943 [restartedMain] INFO  o.s.w.s.m.m.a.RequestMappingHandlerMapping - Mapped "{[/v1/add_exchange],methods=[POST]}" onto org.springframework.http.ResponseEntity<java.lang.Object> com.oodles.controller.ExchangeController.saveExchange(com.oodles.domain.ExchangeCountry)
4943 [restartedMain] INFO  o.s.w.s.m.m.a.RequestMappingHandlerMapping - Mapped "{[/v1/get_exchange],methods=[GET]}" onto org.springframework.http.ResponseEntity<java.lang.Object> com.oodles.controller.ExchangeController.getExchange(java.lang.String)
4944 [restartedMain] INFO  o.s.w.s.m.m.a.RequestMappingHandlerMapping - Mapped "{[/v1/add_market],methods=[POST]}" onto org.springframework.http.ResponseEntity<java.lang.Object> com.oodles.controller.MarketController.saveMarket(com.oodles.dto.MarketDTO)
4945 [restartedMain] INFO  o.s.w.s.m.m.a.RequestMappingHandlerMapping - Mapped "{[/v1/get_market],methods=[GET]}" onto org.springframework.http.ResponseEntity<java.lang.Object> com.oodles.controller.MarketController.getMarket(java.lang.String)
4946 [restartedMain] INFO  o.s.w.s.m.m.a.RequestMappingHandlerMapping - Mapped "{[/v1/add_role],methods=[POST]}" onto public org.springframework.http.ResponseEntity<java.lang.Object> com.oodles.controller.RoleController.addRole(java.lang.String)
4947 [restartedMain] INFO  o.s.w.s.m.m.a.RequestMappingHandlerMapping - Mapped "{[/v1/update_user],methods=[PUT]}" onto public org.springframework.http.ResponseEntity<java.lang.Object> com.oodles.controller.UserController.updateUser(java.lang.Long,com.oodles.dto.UserDTO)
4947 [restartedMain] INFO  o.s.w.s.m.m.a.RequestMappingHandlerMapping - Mapped "{[/v1/edit_user],methods=[PUT]}" onto public org.springframework.http.ResponseEntity<java.lang.Object> com.oodles.controller.UserController.editUserProfile(com.oodles.dto.UserEditDTO)
4948 [restartedMain] INFO  o.s.w.s.m.m.a.RequestMappingHandlerMapping - Mapped "{[/v1/add_user],methods=[POST]}" onto org.springframework.http.ResponseEntity<java.lang.Object> com.oodles.controller.UserController.saveUser(com.oodles.domain.User)
4948 [restartedMain] INFO  o.s.w.s.m.m.a.RequestMappingHandlerMapping - Mapped "{[/v1/get_user],methods=[GET]}" onto public org.springframework.http.ResponseEntity<java.lang.Object> com.oodles.controller.UserController.getUserProfile()
4950 [restartedMain] INFO  o.s.w.s.m.m.a.RequestMappingHandlerMapping - Mapped "{[/v2/api-docs],methods=[GET],produces=[application/json || application/hal+json]}" onto public org.springframework.http.ResponseEntity<springfox.documentation.spring.web.json.Json> springfox.documentation.swagger2.web.Swagger2Controller.getDocumentation(java.lang.String,javax.servlet.http.HttpServletRequest)
4954 [restartedMain] INFO  o.s.w.s.m.m.a.RequestMappingHandlerMapping - Mapped "{[/swagger-resources/configuration/security]}" onto org.springframework.http.ResponseEntity<springfox.documentation.swagger.web.SecurityConfiguration> springfox.documentation.swagger.web.ApiResourceController.securityConfiguration()
4957 [restartedMain] INFO  o.s.w.s.m.m.a.RequestMappingHandlerMapping - Mapped "{[/swagger-resources/configuration/ui]}" onto org.springframework.http.ResponseEntity<springfox.documentation.swagger.web.UiConfiguration> springfox.documentation.swagger.web.ApiResourceController.uiConfiguration()
4960 [restartedMain] INFO  o.s.w.s.m.m.a.RequestMappingHandlerMapping - Mapped "{[/swagger-resources]}" onto org.springframework.http.ResponseEntity<java.util.List<springfox.documentation.swagger.web.SwaggerResource>> springfox.documentation.swagger.web.ApiResourceController.swaggerResources()
4966 [restartedMain] INFO  o.s.w.s.m.m.a.RequestMappingHandlerMapping - Mapped "{[/error],produces=[text/html]}" onto public org.springframework.web.servlet.ModelAndView org.springframework.boot.autoconfigure.web.BasicErrorController.errorHtml(javax.servlet.http.HttpServletRequest,javax.servlet.http.HttpServletResponse)
4968 [restartedMain] INFO  o.s.w.s.m.m.a.RequestMappingHandlerMapping - Mapped "{[/error]}" onto public org.springframework.http.ResponseEntity<java.util.Map<java.lang.String, java.lang.Object>> org.springframework.boot.autoconfigure.web.BasicErrorController.error(javax.servlet.http.HttpServletRequest)
5281 [restartedMain] INFO  o.s.w.s.m.m.a.RequestMappingHandlerAdapter - Looking for @ControllerAdvice: org.springframework.boot.context.embedded.AnnotationConfigEmbeddedWebApplicationContext@1620fc3f: startup date [Tue Mar 06 18:34:22 IST 2018]; root of context hierarchy
5332 [restartedMain] INFO  o.s.w.s.h.SimpleUrlHandlerMapping - Mapped URL path [/webjars/**] onto handler of type [class org.springframework.web.servlet.resource.ResourceHttpRequestHandler]
5332 [restartedMain] INFO  o.s.w.s.h.SimpleUrlHandlerMapping - Mapped URL path [/**] onto handler of type [class org.springframework.web.servlet.resource.ResourceHttpRequestHandler]
5370 [restartedMain] INFO  o.s.w.s.h.SimpleUrlHandlerMapping - Mapped URL path [/**/favicon.ico] onto handler of type [class org.springframework.web.servlet.resource.ResourceHttpRequestHandler]
6061 [restartedMain] INFO  com.oodles.OodlesTechApplication - Started OodlesTechApplication in 5.85 seconds (JVM running for 6.544)
28488 [http-nio-1119-exec-1] INFO  o.s.web.servlet.DispatcherServlet - FrameworkServlet 'dispatcherServlet': initialization started
28509 [http-nio-1119-exec-1] INFO  o.s.web.servlet.DispatcherServlet - FrameworkServlet 'dispatcherServlet': initialization completed in 20 ms
28568 [http-nio-1119-exec-1] INFO  c.o.controller.MarketController - ------------------------------------------------------------com.oodles.domain.User@19d01af2
46944 [http-nio-1119-exec-2] INFO  c.o.controller.MarketController - ------------------------------------------------------------com.oodles.domain.User@65e4b4d4
58857 [http-nio-1119-exec-3] INFO  c.o.controller.MarketController - ------------------------------------------------------------com.oodles.domain.User@1b246f19
69608 [http-nio-1119-exec-4] INFO  c.o.controller.MarketController - ------------------------------------------------------------com.oodles.domain.User@482af92c
69889 [http-nio-1119-exec-5] INFO  c.o.controller.MarketController - ------------------------------------------------------------com.oodles.domain.User@583aca99
81253 [http-nio-1119-exec-6] INFO  c.o.controller.MarketController - ------------------------------------------------------------com.oodles.domain.User@1a0a4816
494  [restartedMain] INFO  com.oodles.OodlesTechApplication - Starting OodlesTechApplication on rahul with PID 11322 (/home/rahul/Documents/workspace-sts-3.9.2.RELEASE/Oodles-tech/target/classes started by rahul in /home/rahul/Documents/workspace-sts-3.9.2.RELEASE/Oodles-tech)
496  [restartedMain] INFO  com.oodles.OodlesTechApplication - The following profiles are active: dev
2405 [localhost-startStop-1] INFO  o.s.web.context.ContextLoader - Root WebApplicationContext: initialization completed in 1850 ms
4447 [restartedMain] INFO  o.s.w.s.m.m.a.RequestMappingHandlerMapping - Mapped "{[/v1/assign_activity],methods=[PUT]}" onto public org.springframework.http.ResponseEntity<java.lang.Object> com.oodles.controller.ActivityController.assignActivities(com.oodles.dto.RoleActivityDTO)
4448 [restartedMain] INFO  o.s.w.s.m.m.a.RequestMappingHandlerMapping - Mapped "{[/v1/add_activity],methods=[POST]}" onto public org.springframework.http.ResponseEntity<java.lang.Object> com.oodles.controller.ActivityController.addActivities(com.oodles.domain.Activity)
4449 [restartedMain] INFO  o.s.w.s.m.m.a.RequestMappingHandlerMapping - Mapped "{[/v1/add_exchange],methods=[POST]}" onto org.springframework.http.ResponseEntity<java.lang.Object> com.oodles.controller.ExchangeController.saveExchange(com.oodles.domain.ExchangeCountry)
4450 [restartedMain] INFO  o.s.w.s.m.m.a.RequestMappingHandlerMapping - Mapped "{[/v1/get_exchange],methods=[GET]}" onto org.springframework.http.ResponseEntity<java.lang.Object> com.oodles.controller.ExchangeController.getExchange(java.lang.String)
4450 [restartedMain] INFO  o.s.w.s.m.m.a.RequestMappingHandlerMapping - Mapped "{[/v1/add_market],methods=[POST]}" onto org.springframework.http.ResponseEntity<java.lang.Object> com.oodles.controller.MarketController.saveMarket(com.oodles.dto.MarketDTO)
4451 [restartedMain] INFO  o.s.w.s.m.m.a.RequestMappingHandlerMapping - Mapped "{[/v1/get_market],methods=[GET]}" onto org.springframework.http.ResponseEntity<java.lang.Object> com.oodles.controller.MarketController.getMarket(java.lang.String)
4452 [restartedMain] INFO  o.s.w.s.m.m.a.RequestMappingHandlerMapping - Mapped "{[/v1/add_role],methods=[POST]}" onto public org.springframework.http.ResponseEntity<java.lang.Object> com.oodles.controller.RoleController.addRole(java.lang.String)
4453 [restartedMain] INFO  o.s.w.s.m.m.a.RequestMappingHandlerMapping - Mapped "{[/v1/add_user],methods=[POST]}" onto org.springframework.http.ResponseEntity<java.lang.Object> com.oodles.controller.UserController.saveUser(com.oodles.domain.User)
4453 [restartedMain] INFO  o.s.w.s.m.m.a.RequestMappingHandlerMapping - Mapped "{[/v1/get_user],methods=[GET]}" onto public org.springframework.http.ResponseEntity<java.lang.Object> com.oodles.controller.UserController.getUserProfile()
4454 [restartedMain] INFO  o.s.w.s.m.m.a.RequestMappingHandlerMapping - Mapped "{[/v1/update_user],methods=[PUT]}" onto public org.springframework.http.ResponseEntity<java.lang.Object> com.oodles.controller.UserController.updateUser(java.lang.Long,com.oodles.dto.UserDTO)
4454 [restartedMain] INFO  o.s.w.s.m.m.a.RequestMappingHandlerMapping - Mapped "{[/v1/edit_user],methods=[PUT]}" onto public org.springframework.http.ResponseEntity<java.lang.Object> com.oodles.controller.UserController.editUserProfile(com.oodles.dto.UserEditDTO)
4455 [restartedMain] INFO  o.s.w.s.m.m.a.RequestMappingHandlerMapping - Mapped "{[/v2/api-docs],methods=[GET],produces=[application/json || application/hal+json]}" onto public org.springframework.http.ResponseEntity<springfox.documentation.spring.web.json.Json> springfox.documentation.swagger2.web.Swagger2Controller.getDocumentation(java.lang.String,javax.servlet.http.HttpServletRequest)
4459 [restartedMain] INFO  o.s.w.s.m.m.a.RequestMappingHandlerMapping - Mapped "{[/swagger-resources/configuration/security]}" onto org.springframework.http.ResponseEntity<springfox.documentation.swagger.web.SecurityConfiguration> springfox.documentation.swagger.web.ApiResourceController.securityConfiguration()
4460 [restartedMain] INFO  o.s.w.s.m.m.a.RequestMappingHandlerMapping - Mapped "{[/swagger-resources/configuration/ui]}" onto org.springframework.http.ResponseEntity<springfox.documentation.swagger.web.UiConfiguration> springfox.documentation.swagger.web.ApiResourceController.uiConfiguration()
4461 [restartedMain] INFO  o.s.w.s.m.m.a.RequestMappingHandlerMapping - Mapped "{[/swagger-resources]}" onto org.springframework.http.ResponseEntity<java.util.List<springfox.documentation.swagger.web.SwaggerResource>> springfox.documentation.swagger.web.ApiResourceController.swaggerResources()
4465 [restartedMain] INFO  o.s.w.s.m.m.a.RequestMappingHandlerMapping - Mapped "{[/error],produces=[text/html]}" onto public org.springframework.web.servlet.ModelAndView org.springframework.boot.autoconfigure.web.BasicErrorController.errorHtml(javax.servlet.http.HttpServletRequest,javax.servlet.http.HttpServletResponse)
4465 [restartedMain] INFO  o.s.w.s.m.m.a.RequestMappingHandlerMapping - Mapped "{[/error]}" onto public org.springframework.http.ResponseEntity<java.util.Map<java.lang.String, java.lang.Object>> org.springframework.boot.autoconfigure.web.BasicErrorController.error(javax.servlet.http.HttpServletRequest)
4734 [restartedMain] INFO  o.s.w.s.m.m.a.RequestMappingHandlerAdapter - Looking for @ControllerAdvice: org.springframework.boot.context.embedded.AnnotationConfigEmbeddedWebApplicationContext@509a8755: startup date [Tue Mar 06 18:36:35 IST 2018]; root of context hierarchy
4778 [restartedMain] INFO  o.s.w.s.h.SimpleUrlHandlerMapping - Mapped URL path [/webjars/**] onto handler of type [class org.springframework.web.servlet.resource.ResourceHttpRequestHandler]
4778 [restartedMain] INFO  o.s.w.s.h.SimpleUrlHandlerMapping - Mapped URL path [/**] onto handler of type [class org.springframework.web.servlet.resource.ResourceHttpRequestHandler]
4813 [restartedMain] INFO  o.s.w.s.h.SimpleUrlHandlerMapping - Mapped URL path [/**/favicon.ico] onto handler of type [class org.springframework.web.servlet.resource.ResourceHttpRequestHandler]
5409 [restartedMain] INFO  com.oodles.OodlesTechApplication - Started OodlesTechApplication in 5.23 seconds (JVM running for 5.763)
49121 [http-nio-1119-exec-1] INFO  o.s.web.servlet.DispatcherServlet - FrameworkServlet 'dispatcherServlet': initialization started
49139 [http-nio-1119-exec-1] INFO  o.s.web.servlet.DispatcherServlet - FrameworkServlet 'dispatcherServlet': initialization completed in 17 ms
49210 [http-nio-1119-exec-1] INFO  c.o.controller.MarketController - ------------------------------------------------------------com.oodles.domain.User@3e91bacf
49381 [http-nio-1119-exec-1] INFO  com.oodles.services.UserService - Exception occured
