1463 [restartedMain] INFO  com.oodles.OodlesTechApplication - Starting OodlesTechApplication on rahul with PID 4755 (/home/rahul/Documents/workspace-sts-3.9.2.RELEASE/Oodles-tech/target/classes started by rahul in /home/rahul/Documents/workspace-sts-3.9.2.RELEASE/Oodles-tech)
1496 [restartedMain] INFO  com.oodles.OodlesTechApplication - The following profiles are active: dev
5429 [localhost-startStop-1] INFO  o.s.web.context.ContextLoader - Root WebApplicationContext: initialization completed in 3693 ms
9922 [restartedMain] INFO  o.s.w.s.m.m.a.RequestMappingHandlerMapping - Mapped "{[/v1/assign_activity],methods=[PUT]}" onto public org.springframework.http.ResponseEntity<java.lang.Object> com.oodles.controller.ActivityController.assignActivities(com.oodles.dto.RoleActivityDTO)
9923 [restartedMain] INFO  o.s.w.s.m.m.a.RequestMappingHandlerMapping - Mapped "{[/v1/add_activity],methods=[POST]}" onto public org.springframework.http.ResponseEntity<java.lang.Object> com.oodles.controller.ActivityController.addActivities(com.oodles.domain.Activity)
9924 [restartedMain] INFO  o.s.w.s.m.m.a.RequestMappingHandlerMapping - Mapped "{[/v1/add_exchange],methods=[POST]}" onto org.springframework.http.ResponseEntity<java.lang.Object> com.oodles.controller.ExchangeController.saveExchange(com.oodles.domain.ExchangeCountry)
9925 [restartedMain] INFO  o.s.w.s.m.m.a.RequestMappingHandlerMapping - Mapped "{[/v1/get_exchange],methods=[GET]}" onto org.springframework.http.ResponseEntity<java.lang.Object> com.oodles.controller.ExchangeController.getExchange(java.lang.String)
9926 [restartedMain] INFO  o.s.w.s.m.m.a.RequestMappingHandlerMapping - Mapped "{[/v1/add_market],methods=[POST]}" onto org.springframework.http.ResponseEntity<java.lang.Object> com.oodles.controller.MarketController.saveMarket(com.oodles.dto.MarketDTO)
9927 [restartedMain] INFO  o.s.w.s.m.m.a.RequestMappingHandlerMapping - Mapped "{[/v1/get_market],methods=[GET]}" onto org.springframework.http.ResponseEntity<java.lang.Object> com.oodles.controller.MarketController.getMarket(java.lang.String)
9928 [restartedMain] INFO  o.s.w.s.m.m.a.RequestMappingHandlerMapping - Mapped "{[/v1/add_role],methods=[POST]}" onto public org.springframework.http.ResponseEntity<java.lang.Object> com.oodles.controller.RoleController.addRole(java.lang.String)
9929 [restartedMain] INFO  o.s.w.s.m.m.a.RequestMappingHandlerMapping - Mapped "{[/v1/add_user],methods=[POST]}" onto org.springframework.http.ResponseEntity<java.lang.Object> com.oodles.controller.UserController.saveUser(com.oodles.domain.User)
9930 [restartedMain] INFO  o.s.w.s.m.m.a.RequestMappingHandlerMapping - Mapped "{[/v1/get_user],methods=[GET]}" onto public org.springframework.http.ResponseEntity<java.lang.Object> com.oodles.controller.UserController.getUserProfile()
9931 [restartedMain] INFO  o.s.w.s.m.m.a.RequestMappingHandlerMapping - Mapped "{[/v1/update_user],methods=[PUT]}" onto public org.springframework.http.ResponseEntity<java.lang.Object> com.oodles.controller.UserController.updateUser(java.lang.Long,com.oodles.dto.UserDTO)
9931 [restartedMain] INFO  o.s.w.s.m.m.a.RequestMappingHandlerMapping - Mapped "{[/v1/edit_user],methods=[PUT]}" onto public org.springframework.http.ResponseEntity<java.lang.Object> com.oodles.controller.UserController.editUserProfile(com.oodles.dto.UserEditDTO)
9933 [restartedMain] INFO  o.s.w.s.m.m.a.RequestMappingHandlerMapping - Mapped "{[/v2/api-docs],methods=[GET],produces=[application/json || application/hal+json]}" onto public org.springframework.http.ResponseEntity<springfox.documentation.spring.web.json.Json> springfox.documentation.swagger2.web.Swagger2Controller.getDocumentation(java.lang.String,javax.servlet.http.HttpServletRequest)
9937 [restartedMain] INFO  o.s.w.s.m.m.a.RequestMappingHandlerMapping - Mapped "{[/swagger-resources/configuration/security]}" onto org.springframework.http.ResponseEntity<springfox.documentation.swagger.web.SecurityConfiguration> springfox.documentation.swagger.web.ApiResourceController.securityConfiguration()
9939 [restartedMain] INFO  o.s.w.s.m.m.a.RequestMappingHandlerMapping - Mapped "{[/swagger-resources]}" onto org.springframework.http.ResponseEntity<java.util.List<springfox.documentation.swagger.web.SwaggerResource>> springfox.documentation.swagger.web.ApiResourceController.swaggerResources()
9940 [restartedMain] INFO  o.s.w.s.m.m.a.RequestMappingHandlerMapping - Mapped "{[/swagger-resources/configuration/ui]}" onto org.springframework.http.ResponseEntity<springfox.documentation.swagger.web.UiConfiguration> springfox.documentation.swagger.web.ApiResourceController.uiConfiguration()
9946 [restartedMain] INFO  o.s.w.s.m.m.a.RequestMappingHandlerMapping - Mapped "{[/error],produces=[text/html]}" onto public org.springframework.web.servlet.ModelAndView org.springframework.boot.autoconfigure.web.BasicErrorController.errorHtml(javax.servlet.http.HttpServletRequest,javax.servlet.http.HttpServletResponse)
9947 [restartedMain] INFO  o.s.w.s.m.m.a.RequestMappingHandlerMapping - Mapped "{[/error]}" onto public org.springframework.http.ResponseEntity<java.util.Map<java.lang.String, java.lang.Object>> org.springframework.boot.autoconfigure.web.BasicErrorController.error(javax.servlet.http.HttpServletRequest)
10424 [restartedMain] INFO  o.s.w.s.m.m.a.RequestMappingHandlerAdapter - Looking for @ControllerAdvice: org.springframework.boot.context.embedded.AnnotationConfigEmbeddedWebApplicationContext@12b81ce: startup date [Mon Mar 05 10:18:35 IST 2018]; root of context hierarchy
10580 [restartedMain] INFO  o.s.w.s.h.SimpleUrlHandlerMapping - Mapped URL path [/webjars/**] onto handler of type [class org.springframework.web.servlet.resource.ResourceHttpRequestHandler]
10580 [restartedMain] INFO  o.s.w.s.h.SimpleUrlHandlerMapping - Mapped URL path [/**] onto handler of type [class org.springframework.web.servlet.resource.ResourceHttpRequestHandler]
10645 [restartedMain] INFO  o.s.w.s.h.SimpleUrlHandlerMapping - Mapped URL path [/**/favicon.ico] onto handler of type [class org.springframework.web.servlet.resource.ResourceHttpRequestHandler]
11964 [restartedMain] INFO  com.oodles.OodlesTechApplication - Started OodlesTechApplication in 11.259 seconds (JVM running for 14.071)
110027 [http-nio-1119-exec-4] INFO  o.s.web.servlet.DispatcherServlet - FrameworkServlet 'dispatcherServlet': initialization started
110253 [http-nio-1119-exec-4] INFO  o.s.web.servlet.DispatcherServlet - FrameworkServlet 'dispatcherServlet': initialization completed in 226 ms
1615 [restartedMain] INFO  com.oodles.OodlesTechApplication - Starting OodlesTechApplication on rahul with PID 5190 (/home/rahul/Documents/workspace-sts-3.9.2.RELEASE/Oodles-tech/target/classes started by rahul in /home/rahul/Documents/workspace-sts-3.9.2.RELEASE/Oodles-tech)
1616 [restartedMain] INFO  com.oodles.OodlesTechApplication - The following profiles are active: dev
5816 [localhost-startStop-1] INFO  o.s.web.context.ContextLoader - Root WebApplicationContext: initialization completed in 4029 ms
10034 [restartedMain] INFO  o.s.w.s.m.m.a.RequestMappingHandlerMapping - Mapped "{[/v1/assign_activity],methods=[PUT]}" onto public org.springframework.http.ResponseEntity<java.lang.Object> com.oodles.controller.ActivityController.assignActivities(com.oodles.dto.RoleActivityDTO)
10035 [restartedMain] INFO  o.s.w.s.m.m.a.RequestMappingHandlerMapping - Mapped "{[/v1/add_activity],methods=[POST]}" onto public org.springframework.http.ResponseEntity<java.lang.Object> com.oodles.controller.ActivityController.addActivities(com.oodles.domain.Activity)
10036 [restartedMain] INFO  o.s.w.s.m.m.a.RequestMappingHandlerMapping - Mapped "{[/v1/add_exchange],methods=[POST]}" onto org.springframework.http.ResponseEntity<java.lang.Object> com.oodles.controller.ExchangeController.saveExchange(com.oodles.domain.ExchangeCountry)
10036 [restartedMain] INFO  o.s.w.s.m.m.a.RequestMappingHandlerMapping - Mapped "{[/v1/get_exchange],methods=[GET]}" onto org.springframework.http.ResponseEntity<java.lang.Object> com.oodles.controller.ExchangeController.getExchange(java.lang.String)
10037 [restartedMain] INFO  o.s.w.s.m.m.a.RequestMappingHandlerMapping - Mapped "{[/v1/add_market],methods=[POST]}" onto org.springframework.http.ResponseEntity<java.lang.Object> com.oodles.controller.MarketController.saveMarket(com.oodles.dto.MarketDTO)
10038 [restartedMain] INFO  o.s.w.s.m.m.a.RequestMappingHandlerMapping - Mapped "{[/v1/get_market],methods=[GET]}" onto org.springframework.http.ResponseEntity<java.lang.Object> com.oodles.controller.MarketController.getMarket(java.lang.String)
10039 [restartedMain] INFO  o.s.w.s.m.m.a.RequestMappingHandlerMapping - Mapped "{[/v1/add_role],methods=[POST]}" onto public org.springframework.http.ResponseEntity<java.lang.Object> com.oodles.controller.RoleController.addRole(java.lang.String)
10041 [restartedMain] INFO  o.s.w.s.m.m.a.RequestMappingHandlerMapping - Mapped "{[/v1/add_user],methods=[POST]}" onto org.springframework.http.ResponseEntity<java.lang.Object> com.oodles.controller.UserController.saveUser(com.oodles.domain.User)
10043 [restartedMain] INFO  o.s.w.s.m.m.a.RequestMappingHandlerMapping - Mapped "{[/v1/get_user],methods=[GET]}" onto public org.springframework.http.ResponseEntity<java.lang.Object> com.oodles.controller.UserController.getUserProfile()
10044 [restartedMain] INFO  o.s.w.s.m.m.a.RequestMappingHandlerMapping - Mapped "{[/v1/update_user],methods=[PUT]}" onto public org.springframework.http.ResponseEntity<java.lang.Object> com.oodles.controller.UserController.updateUser(java.lang.Long,com.oodles.dto.UserDTO)
10045 [restartedMain] INFO  o.s.w.s.m.m.a.RequestMappingHandlerMapping - Mapped "{[/v1/edit_user],methods=[PUT]}" onto public org.springframework.http.ResponseEntity<java.lang.Object> com.oodles.controller.UserController.editUserProfile(com.oodles.dto.UserEditDTO)
10047 [restartedMain] INFO  o.s.w.s.m.m.a.RequestMappingHandlerMapping - Mapped "{[/v2/api-docs],methods=[GET],produces=[application/json || application/hal+json]}" onto public org.springframework.http.ResponseEntity<springfox.documentation.spring.web.json.Json> springfox.documentation.swagger2.web.Swagger2Controller.getDocumentation(java.lang.String,javax.servlet.http.HttpServletRequest)
10052 [restartedMain] INFO  o.s.w.s.m.m.a.RequestMappingHandlerMapping - Mapped "{[/swagger-resources/configuration/security]}" onto org.springframework.http.ResponseEntity<springfox.documentation.swagger.web.SecurityConfiguration> springfox.documentation.swagger.web.ApiResourceController.securityConfiguration()
10054 [restartedMain] INFO  o.s.w.s.m.m.a.RequestMappingHandlerMapping - Mapped "{[/swagger-resources]}" onto org.springframework.http.ResponseEntity<java.util.List<springfox.documentation.swagger.web.SwaggerResource>> springfox.documentation.swagger.web.ApiResourceController.swaggerResources()
10054 [restartedMain] INFO  o.s.w.s.m.m.a.RequestMappingHandlerMapping - Mapped "{[/swagger-resources/configuration/ui]}" onto org.springframework.http.ResponseEntity<springfox.documentation.swagger.web.UiConfiguration> springfox.documentation.swagger.web.ApiResourceController.uiConfiguration()
10059 [restartedMain] INFO  o.s.w.s.m.m.a.RequestMappingHandlerMapping - Mapped "{[/error],produces=[text/html]}" onto public org.springframework.web.servlet.ModelAndView org.springframework.boot.autoconfigure.web.BasicErrorController.errorHtml(javax.servlet.http.HttpServletRequest,javax.servlet.http.HttpServletResponse)
10060 [restartedMain] INFO  o.s.w.s.m.m.a.RequestMappingHandlerMapping - Mapped "{[/error]}" onto public org.springframework.http.ResponseEntity<java.util.Map<java.lang.String, java.lang.Object>> org.springframework.boot.autoconfigure.web.BasicErrorController.error(javax.servlet.http.HttpServletRequest)
10621 [restartedMain] INFO  o.s.w.s.m.m.a.RequestMappingHandlerAdapter - Looking for @ControllerAdvice: org.springframework.boot.context.embedded.AnnotationConfigEmbeddedWebApplicationContext@7efa39c4: startup date [Mon Mar 05 10:28:47 IST 2018]; root of context hierarchy
10713 [restartedMain] INFO  o.s.w.s.h.SimpleUrlHandlerMapping - Mapped URL path [/webjars/**] onto handler of type [class org.springframework.web.servlet.resource.ResourceHttpRequestHandler]
10713 [restartedMain] INFO  o.s.w.s.h.SimpleUrlHandlerMapping - Mapped URL path [/**] onto handler of type [class org.springframework.web.servlet.resource.ResourceHttpRequestHandler]
10768 [restartedMain] INFO  o.s.w.s.h.SimpleUrlHandlerMapping - Mapped URL path [/**/favicon.ico] onto handler of type [class org.springframework.web.servlet.resource.ResourceHttpRequestHandler]
11976 [restartedMain] INFO  com.oodles.OodlesTechApplication - Started OodlesTechApplication in 11.313 seconds (JVM running for 14.207)
28044 [http-nio-1119-exec-1] INFO  o.s.web.servlet.DispatcherServlet - FrameworkServlet 'dispatcherServlet': initialization started
28082 [http-nio-1119-exec-1] INFO  o.s.web.servlet.DispatcherServlet - FrameworkServlet 'dispatcherServlet': initialization completed in 37 ms
1559 [restartedMain] INFO  com.oodles.OodlesTechApplication - Starting OodlesTechApplication on rahul with PID 8957 (/home/rahul/Documents/workspace-sts-3.9.2.RELEASE/Oodles-tech/target/classes started by rahul in /home/rahul/Documents/workspace-sts-3.9.2.RELEASE/Oodles-tech)
1561 [restartedMain] INFO  com.oodles.OodlesTechApplication - The following profiles are active: dev
4235 [localhost-startStop-1] INFO  o.s.web.context.ContextLoader - Root WebApplicationContext: initialization completed in 2607 ms
9217 [restartedMain] INFO  o.s.w.s.m.m.a.RequestMappingHandlerMapping - Mapped "{[/v1/assign_activity],methods=[PUT]}" onto public org.springframework.http.ResponseEntity<java.lang.Object> com.oodles.controller.ActivityController.assignActivities(com.oodles.dto.RoleActivityDTO)
9219 [restartedMain] INFO  o.s.w.s.m.m.a.RequestMappingHandlerMapping - Mapped "{[/v1/add_activity],methods=[POST]}" onto public org.springframework.http.ResponseEntity<java.lang.Object> com.oodles.controller.ActivityController.addActivities(com.oodles.domain.Activity)
9220 [restartedMain] INFO  o.s.w.s.m.m.a.RequestMappingHandlerMapping - Mapped "{[/v1/add_exchange],methods=[POST]}" onto org.springframework.http.ResponseEntity<java.lang.Object> com.oodles.controller.ExchangeController.saveExchange(com.oodles.domain.ExchangeCountry)
9221 [restartedMain] INFO  o.s.w.s.m.m.a.RequestMappingHandlerMapping - Mapped "{[/v1/get_exchange],methods=[GET]}" onto org.springframework.http.ResponseEntity<java.lang.Object> com.oodles.controller.ExchangeController.getExchange(java.lang.String)
9222 [restartedMain] INFO  o.s.w.s.m.m.a.RequestMappingHandlerMapping - Mapped "{[/v1/add_market],methods=[POST]}" onto org.springframework.http.ResponseEntity<java.lang.Object> com.oodles.controller.MarketController.saveMarket(com.oodles.dto.MarketDTO)
9222 [restartedMain] INFO  o.s.w.s.m.m.a.RequestMappingHandlerMapping - Mapped "{[/v1/get_market],methods=[GET]}" onto org.springframework.http.ResponseEntity<java.lang.Object> com.oodles.controller.MarketController.getMarket(java.lang.String)
9223 [restartedMain] INFO  o.s.w.s.m.m.a.RequestMappingHandlerMapping - Mapped "{[/v1/add_role],methods=[POST]}" onto public org.springframework.http.ResponseEntity<java.lang.Object> com.oodles.controller.RoleController.addRole(java.lang.String)
9225 [restartedMain] INFO  o.s.w.s.m.m.a.RequestMappingHandlerMapping - Mapped "{[/v1/add_user],methods=[POST]}" onto org.springframework.http.ResponseEntity<java.lang.Object> com.oodles.controller.UserController.saveUser(com.oodles.domain.User)
9226 [restartedMain] INFO  o.s.w.s.m.m.a.RequestMappingHandlerMapping - Mapped "{[/v1/get_user],methods=[GET]}" onto public org.springframework.http.ResponseEntity<java.lang.Object> com.oodles.controller.UserController.getUserProfile()
9226 [restartedMain] INFO  o.s.w.s.m.m.a.RequestMappingHandlerMapping - Mapped "{[/v1/update_user],methods=[PUT]}" onto public org.springframework.http.ResponseEntity<java.lang.Object> com.oodles.controller.UserController.updateUser(java.lang.Long,com.oodles.dto.UserDTO)
9227 [restartedMain] INFO  o.s.w.s.m.m.a.RequestMappingHandlerMapping - Mapped "{[/v1/edit_user],methods=[PUT]}" onto public org.springframework.http.ResponseEntity<java.lang.Object> com.oodles.controller.UserController.editUserProfile(com.oodles.dto.UserEditDTO)
9228 [restartedMain] INFO  o.s.w.s.m.m.a.RequestMappingHandlerMapping - Mapped "{[/v2/api-docs],methods=[GET],produces=[application/json || application/hal+json]}" onto public org.springframework.http.ResponseEntity<springfox.documentation.spring.web.json.Json> springfox.documentation.swagger2.web.Swagger2Controller.getDocumentation(java.lang.String,javax.servlet.http.HttpServletRequest)
9233 [restartedMain] INFO  o.s.w.s.m.m.a.RequestMappingHandlerMapping - Mapped "{[/swagger-resources/configuration/security]}" onto org.springframework.http.ResponseEntity<springfox.documentation.swagger.web.SecurityConfiguration> springfox.documentation.swagger.web.ApiResourceController.securityConfiguration()
9234 [restartedMain] INFO  o.s.w.s.m.m.a.RequestMappingHandlerMapping - Mapped "{[/swagger-resources]}" onto org.springframework.http.ResponseEntity<java.util.List<springfox.documentation.swagger.web.SwaggerResource>> springfox.documentation.swagger.web.ApiResourceController.swaggerResources()
9235 [restartedMain] INFO  o.s.w.s.m.m.a.RequestMappingHandlerMapping - Mapped "{[/swagger-resources/configuration/ui]}" onto org.springframework.http.ResponseEntity<springfox.documentation.swagger.web.UiConfiguration> springfox.documentation.swagger.web.ApiResourceController.uiConfiguration()
9239 [restartedMain] INFO  o.s.w.s.m.m.a.RequestMappingHandlerMapping - Mapped "{[/error],produces=[text/html]}" onto public org.springframework.web.servlet.ModelAndView org.springframework.boot.autoconfigure.web.BasicErrorController.errorHtml(javax.servlet.http.HttpServletRequest,javax.servlet.http.HttpServletResponse)
9240 [restartedMain] INFO  o.s.w.s.m.m.a.RequestMappingHandlerMapping - Mapped "{[/error]}" onto public org.springframework.http.ResponseEntity<java.util.Map<java.lang.String, java.lang.Object>> org.springframework.boot.autoconfigure.web.BasicErrorController.error(javax.servlet.http.HttpServletRequest)
9985 [restartedMain] INFO  o.s.w.s.m.m.a.RequestMappingHandlerAdapter - Looking for @ControllerAdvice: org.springframework.boot.context.embedded.AnnotationConfigEmbeddedWebApplicationContext@2bc06e6d: startup date [Mon Mar 05 12:59:48 IST 2018]; root of context hierarchy
10162 [restartedMain] INFO  o.s.w.s.h.SimpleUrlHandlerMapping - Mapped URL path [/webjars/**] onto handler of type [class org.springframework.web.servlet.resource.ResourceHttpRequestHandler]
10163 [restartedMain] INFO  o.s.w.s.h.SimpleUrlHandlerMapping - Mapped URL path [/**] onto handler of type [class org.springframework.web.servlet.resource.ResourceHttpRequestHandler]
10220 [restartedMain] INFO  o.s.w.s.h.SimpleUrlHandlerMapping - Mapped URL path [/**/favicon.ico] onto handler of type [class org.springframework.web.servlet.resource.ResourceHttpRequestHandler]
11201 [restartedMain] INFO  com.oodles.OodlesTechApplication - Started OodlesTechApplication in 10.478 seconds (JVM running for 14.272)
18910 [http-nio-1119-exec-1] INFO  o.s.web.servlet.DispatcherServlet - FrameworkServlet 'dispatcherServlet': initialization started
18935 [http-nio-1119-exec-1] INFO  o.s.web.servlet.DispatcherServlet - FrameworkServlet 'dispatcherServlet': initialization completed in 25 ms
955  [restartedMain] INFO  com.oodles.OodlesTechApplication - Starting OodlesTechApplication on rahul with PID 9226 (/home/rahul/Documents/workspace-sts-3.9.2.RELEASE/Oodles-tech/target/classes started by rahul in /home/rahul/Documents/workspace-sts-3.9.2.RELEASE/Oodles-tech)
956  [restartedMain] INFO  com.oodles.OodlesTechApplication - The following profiles are active: dev
3258 [localhost-startStop-1] INFO  o.s.web.context.ContextLoader - Root WebApplicationContext: initialization completed in 2186 ms
5722 [restartedMain] INFO  o.s.w.s.m.m.a.RequestMappingHandlerMapping - Mapped "{[/v1/assign_activity],methods=[PUT]}" onto public org.springframework.http.ResponseEntity<java.lang.Object> com.oodles.controller.ActivityController.assignActivities(com.oodles.dto.RoleActivityDTO)
5723 [restartedMain] INFO  o.s.w.s.m.m.a.RequestMappingHandlerMapping - Mapped "{[/v1/add_activity],methods=[POST]}" onto public org.springframework.http.ResponseEntity<java.lang.Object> com.oodles.controller.ActivityController.addActivities(com.oodles.domain.Activity)
5724 [restartedMain] INFO  o.s.w.s.m.m.a.RequestMappingHandlerMapping - Mapped "{[/v1/add_exchange],methods=[POST]}" onto org.springframework.http.ResponseEntity<java.lang.Object> com.oodles.controller.ExchangeController.saveExchange(com.oodles.domain.ExchangeCountry)
5725 [restartedMain] INFO  o.s.w.s.m.m.a.RequestMappingHandlerMapping - Mapped "{[/v1/get_exchange],methods=[GET]}" onto org.springframework.http.ResponseEntity<java.lang.Object> com.oodles.controller.ExchangeController.getExchange(java.lang.String)
5726 [restartedMain] INFO  o.s.w.s.m.m.a.RequestMappingHandlerMapping - Mapped "{[/v1/add_market],methods=[POST]}" onto org.springframework.http.ResponseEntity<java.lang.Object> com.oodles.controller.MarketController.saveMarket(com.oodles.dto.MarketDTO)
5726 [restartedMain] INFO  o.s.w.s.m.m.a.RequestMappingHandlerMapping - Mapped "{[/v1/get_market],methods=[GET]}" onto org.springframework.http.ResponseEntity<java.lang.Object> com.oodles.controller.MarketController.getMarket(java.lang.String)
5727 [restartedMain] INFO  o.s.w.s.m.m.a.RequestMappingHandlerMapping - Mapped "{[/v1/add_role],methods=[POST]}" onto public org.springframework.http.ResponseEntity<java.lang.Object> com.oodles.controller.RoleController.addRole(java.lang.String)
5728 [restartedMain] INFO  o.s.w.s.m.m.a.RequestMappingHandlerMapping - Mapped "{[/v1/add_user],methods=[POST]}" onto org.springframework.http.ResponseEntity<java.lang.Object> com.oodles.controller.UserController.saveUser(com.oodles.domain.User)
5729 [restartedMain] INFO  o.s.w.s.m.m.a.RequestMappingHandlerMapping - Mapped "{[/v1/get_user],methods=[GET]}" onto public org.springframework.http.ResponseEntity<java.lang.Object> com.oodles.controller.UserController.getUserProfile()
5729 [restartedMain] INFO  o.s.w.s.m.m.a.RequestMappingHandlerMapping - Mapped "{[/v1/update_user],methods=[PUT]}" onto public org.springframework.http.ResponseEntity<java.lang.Object> com.oodles.controller.UserController.updateUser(java.lang.Long,com.oodles.dto.UserDTO)
5730 [restartedMain] INFO  o.s.w.s.m.m.a.RequestMappingHandlerMapping - Mapped "{[/v1/edit_user],methods=[PUT]}" onto public org.springframework.http.ResponseEntity<java.lang.Object> com.oodles.controller.UserController.editUserProfile(com.oodles.dto.UserEditDTO)
5731 [restartedMain] INFO  o.s.w.s.m.m.a.RequestMappingHandlerMapping - Mapped "{[/v2/api-docs],methods=[GET],produces=[application/json || application/hal+json]}" onto public org.springframework.http.ResponseEntity<springfox.documentation.spring.web.json.Json> springfox.documentation.swagger2.web.Swagger2Controller.getDocumentation(java.lang.String,javax.servlet.http.HttpServletRequest)
5736 [restartedMain] INFO  o.s.w.s.m.m.a.RequestMappingHandlerMapping - Mapped "{[/swagger-resources/configuration/security]}" onto org.springframework.http.ResponseEntity<springfox.documentation.swagger.web.SecurityConfiguration> springfox.documentation.swagger.web.ApiResourceController.securityConfiguration()
5737 [restartedMain] INFO  o.s.w.s.m.m.a.RequestMappingHandlerMapping - Mapped "{[/swagger-resources]}" onto org.springframework.http.ResponseEntity<java.util.List<springfox.documentation.swagger.web.SwaggerResource>> springfox.documentation.swagger.web.ApiResourceController.swaggerResources()
5738 [restartedMain] INFO  o.s.w.s.m.m.a.RequestMappingHandlerMapping - Mapped "{[/swagger-resources/configuration/ui]}" onto org.springframework.http.ResponseEntity<springfox.documentation.swagger.web.UiConfiguration> springfox.documentation.swagger.web.ApiResourceController.uiConfiguration()
5742 [restartedMain] INFO  o.s.w.s.m.m.a.RequestMappingHandlerMapping - Mapped "{[/error],produces=[text/html]}" onto public org.springframework.web.servlet.ModelAndView org.springframework.boot.autoconfigure.web.BasicErrorController.errorHtml(javax.servlet.http.HttpServletRequest,javax.servlet.http.HttpServletResponse)
5742 [restartedMain] INFO  o.s.w.s.m.m.a.RequestMappingHandlerMapping - Mapped "{[/error]}" onto public org.springframework.http.ResponseEntity<java.util.Map<java.lang.String, java.lang.Object>> org.springframework.boot.autoconfigure.web.BasicErrorController.error(javax.servlet.http.HttpServletRequest)
6052 [restartedMain] INFO  o.s.w.s.m.m.a.RequestMappingHandlerAdapter - Looking for @ControllerAdvice: org.springframework.boot.context.embedded.AnnotationConfigEmbeddedWebApplicationContext@6add6243: startup date [Mon Mar 05 13:03:20 IST 2018]; root of context hierarchy
6155 [restartedMain] INFO  o.s.w.s.h.SimpleUrlHandlerMapping - Mapped URL path [/webjars/**] onto handler of type [class org.springframework.web.servlet.resource.ResourceHttpRequestHandler]
6155 [restartedMain] INFO  o.s.w.s.h.SimpleUrlHandlerMapping - Mapped URL path [/**] onto handler of type [class org.springframework.web.servlet.resource.ResourceHttpRequestHandler]
6253 [restartedMain] INFO  o.s.w.s.h.SimpleUrlHandlerMapping - Mapped URL path [/**/favicon.ico] onto handler of type [class org.springframework.web.servlet.resource.ResourceHttpRequestHandler]
7167 [restartedMain] INFO  com.oodles.OodlesTechApplication - Started OodlesTechApplication in 6.72 seconds (JVM running for 8.173)
21453 [http-nio-1119-exec-1] INFO  o.s.web.servlet.DispatcherServlet - FrameworkServlet 'dispatcherServlet': initialization started
21470 [http-nio-1119-exec-1] INFO  o.s.web.servlet.DispatcherServlet - FrameworkServlet 'dispatcherServlet': initialization completed in 17 ms
223963 [http-nio-1119-exec-5] INFO  c.o.controller.MarketController - ------------------------------------------------------------com.oodles.domain.User@5256444
224405 [http-nio-1119-exec-5] INFO  com.oodles.services.UserService - Exception occured
527  [restartedMain] INFO  com.oodles.OodlesTechApplication - Starting OodlesTechApplication on rahul with PID 9477 (/home/rahul/Documents/workspace-sts-3.9.2.RELEASE/Oodles-tech/target/classes started by rahul in /home/rahul/Documents/workspace-sts-3.9.2.RELEASE/Oodles-tech)
528  [restartedMain] INFO  com.oodles.OodlesTechApplication - The following profiles are active: dev
2504 [localhost-startStop-1] INFO  o.s.web.context.ContextLoader - Root WebApplicationContext: initialization completed in 1938 ms
5149 [restartedMain] INFO  o.s.w.s.m.m.a.RequestMappingHandlerMapping - Mapped "{[/v1/assign_activity],methods=[PUT]}" onto public org.springframework.http.ResponseEntity<java.lang.Object> com.oodles.controller.ActivityController.assignActivities(com.oodles.dto.RoleActivityDTO)
5151 [restartedMain] INFO  o.s.w.s.m.m.a.RequestMappingHandlerMapping - Mapped "{[/v1/add_activity],methods=[POST]}" onto public org.springframework.http.ResponseEntity<java.lang.Object> com.oodles.controller.ActivityController.addActivities(com.oodles.domain.Activity)
5152 [restartedMain] INFO  o.s.w.s.m.m.a.RequestMappingHandlerMapping - Mapped "{[/v1/add_exchange],methods=[POST]}" onto org.springframework.http.ResponseEntity<java.lang.Object> com.oodles.controller.ExchangeController.saveExchange(com.oodles.domain.ExchangeCountry)
5152 [restartedMain] INFO  o.s.w.s.m.m.a.RequestMappingHandlerMapping - Mapped "{[/v1/get_exchange],methods=[GET]}" onto org.springframework.http.ResponseEntity<java.lang.Object> com.oodles.controller.ExchangeController.getExchange(java.lang.String)
5153 [restartedMain] INFO  o.s.w.s.m.m.a.RequestMappingHandlerMapping - Mapped "{[/v1/add_market],methods=[POST]}" onto org.springframework.http.ResponseEntity<java.lang.Object> com.oodles.controller.MarketController.saveMarket(com.oodles.dto.MarketDTO)
5153 [restartedMain] INFO  o.s.w.s.m.m.a.RequestMappingHandlerMapping - Mapped "{[/v1/get_market],methods=[GET]}" onto org.springframework.http.ResponseEntity<java.lang.Object> com.oodles.controller.MarketController.getMarket(java.lang.String)
5154 [restartedMain] INFO  o.s.w.s.m.m.a.RequestMappingHandlerMapping - Mapped "{[/v1/add_role],methods=[POST]}" onto public org.springframework.http.ResponseEntity<java.lang.Object> com.oodles.controller.RoleController.addRole(java.lang.String)
5155 [restartedMain] INFO  o.s.w.s.m.m.a.RequestMappingHandlerMapping - Mapped "{[/v1/add_user],methods=[POST]}" onto org.springframework.http.ResponseEntity<java.lang.Object> com.oodles.controller.UserController.saveUser(com.oodles.domain.User)
5156 [restartedMain] INFO  o.s.w.s.m.m.a.RequestMappingHandlerMapping - Mapped "{[/v1/get_user],methods=[GET]}" onto public org.springframework.http.ResponseEntity<java.lang.Object> com.oodles.controller.UserController.getUserProfile()
5156 [restartedMain] INFO  o.s.w.s.m.m.a.RequestMappingHandlerMapping - Mapped "{[/v1/update_user],methods=[PUT]}" onto public org.springframework.http.ResponseEntity<java.lang.Object> com.oodles.controller.UserController.updateUser(java.lang.Long,com.oodles.dto.UserDTO)
5157 [restartedMain] INFO  o.s.w.s.m.m.a.RequestMappingHandlerMapping - Mapped "{[/v1/edit_user],methods=[PUT]}" onto public org.springframework.http.ResponseEntity<java.lang.Object> com.oodles.controller.UserController.editUserProfile(com.oodles.dto.UserEditDTO)
5158 [restartedMain] INFO  o.s.w.s.m.m.a.RequestMappingHandlerMapping - Mapped "{[/v2/api-docs],methods=[GET],produces=[application/json || application/hal+json]}" onto public org.springframework.http.ResponseEntity<springfox.documentation.spring.web.json.Json> springfox.documentation.swagger2.web.Swagger2Controller.getDocumentation(java.lang.String,javax.servlet.http.HttpServletRequest)
5163 [restartedMain] INFO  o.s.w.s.m.m.a.RequestMappingHandlerMapping - Mapped "{[/swagger-resources/configuration/security]}" onto org.springframework.http.ResponseEntity<springfox.documentation.swagger.web.SecurityConfiguration> springfox.documentation.swagger.web.ApiResourceController.securityConfiguration()
5164 [restartedMain] INFO  o.s.w.s.m.m.a.RequestMappingHandlerMapping - Mapped "{[/swagger-resources]}" onto org.springframework.http.ResponseEntity<java.util.List<springfox.documentation.swagger.web.SwaggerResource>> springfox.documentation.swagger.web.ApiResourceController.swaggerResources()
5165 [restartedMain] INFO  o.s.w.s.m.m.a.RequestMappingHandlerMapping - Mapped "{[/swagger-resources/configuration/ui]}" onto org.springframework.http.ResponseEntity<springfox.documentation.swagger.web.UiConfiguration> springfox.documentation.swagger.web.ApiResourceController.uiConfiguration()
5168 [restartedMain] INFO  o.s.w.s.m.m.a.RequestMappingHandlerMapping - Mapped "{[/error],produces=[text/html]}" onto public org.springframework.web.servlet.ModelAndView org.springframework.boot.autoconfigure.web.BasicErrorController.errorHtml(javax.servlet.http.HttpServletRequest,javax.servlet.http.HttpServletResponse)
5169 [restartedMain] INFO  o.s.w.s.m.m.a.RequestMappingHandlerMapping - Mapped "{[/error]}" onto public org.springframework.http.ResponseEntity<java.util.Map<java.lang.String, java.lang.Object>> org.springframework.boot.autoconfigure.web.BasicErrorController.error(javax.servlet.http.HttpServletRequest)
5566 [restartedMain] INFO  o.s.w.s.m.m.a.RequestMappingHandlerAdapter - Looking for @ControllerAdvice: org.springframework.boot.context.embedded.AnnotationConfigEmbeddedWebApplicationContext@1ae70f11: startup date [Mon Mar 05 13:08:50 IST 2018]; root of context hierarchy
5641 [restartedMain] INFO  o.s.w.s.h.SimpleUrlHandlerMapping - Mapped URL path [/webjars/**] onto handler of type [class org.springframework.web.servlet.resource.ResourceHttpRequestHandler]
5641 [restartedMain] INFO  o.s.w.s.h.SimpleUrlHandlerMapping - Mapped URL path [/**] onto handler of type [class org.springframework.web.servlet.resource.ResourceHttpRequestHandler]
5702 [restartedMain] INFO  o.s.w.s.h.SimpleUrlHandlerMapping - Mapped URL path [/**/favicon.ico] onto handler of type [class org.springframework.web.servlet.resource.ResourceHttpRequestHandler]
6522 [restartedMain] INFO  com.oodles.OodlesTechApplication - Started OodlesTechApplication in 6.309 seconds (JVM running for 6.887)
15878 [http-nio-1119-exec-1] INFO  o.s.web.servlet.DispatcherServlet - FrameworkServlet 'dispatcherServlet': initialization started
15900 [http-nio-1119-exec-1] INFO  o.s.web.servlet.DispatcherServlet - FrameworkServlet 'dispatcherServlet': initialization completed in 22 ms
32458 [http-nio-1119-exec-9] INFO  c.o.controller.MarketController - ------------------------------------------------------------com.oodles.domain.User@28ad1107
32583 [http-nio-1119-exec-9] INFO  com.oodles.services.UserService - Exception occured
3519 [restartedMain] INFO  com.oodles.OodlesTechApplication - Starting OodlesTechApplication on rahul with PID 12275 (/home/rahul/Documents/workspace-sts-3.9.2.RELEASE/Oodles-tech/target/classes started by rahul in /home/rahul/Documents/workspace-sts-3.9.2.RELEASE/Oodles-tech)
3542 [restartedMain] INFO  com.oodles.OodlesTechApplication - The following profiles are active: dev
18021 [localhost-startStop-1] INFO  o.s.web.context.ContextLoader - Root WebApplicationContext: initialization completed in 14154 ms
25526 [restartedMain] INFO  o.s.w.s.m.m.a.RequestMappingHandlerMapping - Mapped "{[/v1/assign_activity],methods=[PUT]}" onto public org.springframework.http.ResponseEntity<java.lang.Object> com.oodles.controller.ActivityController.assignActivities(com.oodles.dto.RoleActivityDTO)
25528 [restartedMain] INFO  o.s.w.s.m.m.a.RequestMappingHandlerMapping - Mapped "{[/v1/add_activity],methods=[POST]}" onto public org.springframework.http.ResponseEntity<java.lang.Object> com.oodles.controller.ActivityController.addActivities(com.oodles.domain.Activity)
25529 [restartedMain] INFO  o.s.w.s.m.m.a.RequestMappingHandlerMapping - Mapped "{[/v1/add_exchange],methods=[POST]}" onto org.springframework.http.ResponseEntity<java.lang.Object> com.oodles.controller.ExchangeController.saveExchange(com.oodles.domain.ExchangeCountry)
25530 [restartedMain] INFO  o.s.w.s.m.m.a.RequestMappingHandlerMapping - Mapped "{[/v1/get_exchange],methods=[GET]}" onto org.springframework.http.ResponseEntity<java.lang.Object> com.oodles.controller.ExchangeController.getExchange(java.lang.String)
25531 [restartedMain] INFO  o.s.w.s.m.m.a.RequestMappingHandlerMapping - Mapped "{[/v1/add_market],methods=[POST]}" onto org.springframework.http.ResponseEntity<java.lang.Object> com.oodles.controller.MarketController.saveMarket(com.oodles.dto.MarketDTO)
25532 [restartedMain] INFO  o.s.w.s.m.m.a.RequestMappingHandlerMapping - Mapped "{[/v1/get_market],methods=[GET]}" onto org.springframework.http.ResponseEntity<java.lang.Object> com.oodles.controller.MarketController.getMarket(java.lang.String)
25533 [restartedMain] INFO  o.s.w.s.m.m.a.RequestMappingHandlerMapping - Mapped "{[/v1/add_role],methods=[POST]}" onto public org.springframework.http.ResponseEntity<java.lang.Object> com.oodles.controller.RoleController.addRole(java.lang.String)
25534 [restartedMain] INFO  o.s.w.s.m.m.a.RequestMappingHandlerMapping - Mapped "{[/v1/add_user],methods=[POST]}" onto org.springframework.http.ResponseEntity<java.lang.Object> com.oodles.controller.UserController.saveUser(com.oodles.domain.User)
25535 [restartedMain] INFO  o.s.w.s.m.m.a.RequestMappingHandlerMapping - Mapped "{[/v1/get_user],methods=[GET]}" onto public org.springframework.http.ResponseEntity<java.lang.Object> com.oodles.controller.UserController.getUserProfile()
25536 [restartedMain] INFO  o.s.w.s.m.m.a.RequestMappingHandlerMapping - Mapped "{[/v1/update_user],methods=[PUT]}" onto public org.springframework.http.ResponseEntity<java.lang.Object> com.oodles.controller.UserController.updateUser(java.lang.Long,com.oodles.dto.UserDTO)
25537 [restartedMain] INFO  o.s.w.s.m.m.a.RequestMappingHandlerMapping - Mapped "{[/v1/edit_user],methods=[PUT]}" onto public org.springframework.http.ResponseEntity<java.lang.Object> com.oodles.controller.UserController.editUserProfile(com.oodles.dto.UserEditDTO)
25539 [restartedMain] INFO  o.s.w.s.m.m.a.RequestMappingHandlerMapping - Mapped "{[/v2/api-docs],methods=[GET],produces=[application/json || application/hal+json]}" onto public org.springframework.http.ResponseEntity<springfox.documentation.spring.web.json.Json> springfox.documentation.swagger2.web.Swagger2Controller.getDocumentation(java.lang.String,javax.servlet.http.HttpServletRequest)
25545 [restartedMain] INFO  o.s.w.s.m.m.a.RequestMappingHandlerMapping - Mapped "{[/swagger-resources/configuration/security]}" onto org.springframework.http.ResponseEntity<springfox.documentation.swagger.web.SecurityConfiguration> springfox.documentation.swagger.web.ApiResourceController.securityConfiguration()
25546 [restartedMain] INFO  o.s.w.s.m.m.a.RequestMappingHandlerMapping - Mapped "{[/swagger-resources]}" onto org.springframework.http.ResponseEntity<java.util.List<springfox.documentation.swagger.web.SwaggerResource>> springfox.documentation.swagger.web.ApiResourceController.swaggerResources()
25547 [restartedMain] INFO  o.s.w.s.m.m.a.RequestMappingHandlerMapping - Mapped "{[/swagger-resources/configuration/ui]}" onto org.springframework.http.ResponseEntity<springfox.documentation.swagger.web.UiConfiguration> springfox.documentation.swagger.web.ApiResourceController.uiConfiguration()
25552 [restartedMain] INFO  o.s.w.s.m.m.a.RequestMappingHandlerMapping - Mapped "{[/error],produces=[text/html]}" onto public org.springframework.web.servlet.ModelAndView org.springframework.boot.autoconfigure.web.BasicErrorController.errorHtml(javax.servlet.http.HttpServletRequest,javax.servlet.http.HttpServletResponse)
25552 [restartedMain] INFO  o.s.w.s.m.m.a.RequestMappingHandlerMapping - Mapped "{[/error]}" onto public org.springframework.http.ResponseEntity<java.util.Map<java.lang.String, java.lang.Object>> org.springframework.boot.autoconfigure.web.BasicErrorController.error(javax.servlet.http.HttpServletRequest)
26005 [restartedMain] INFO  o.s.w.s.m.m.a.RequestMappingHandlerAdapter - Looking for @ControllerAdvice: org.springframework.boot.context.embedded.AnnotationConfigEmbeddedWebApplicationContext@42a6e45: startup date [Mon Mar 05 15:39:33 IST 2018]; root of context hierarchy
26076 [restartedMain] INFO  o.s.w.s.h.SimpleUrlHandlerMapping - Mapped URL path [/webjars/**] onto handler of type [class org.springframework.web.servlet.resource.ResourceHttpRequestHandler]
26077 [restartedMain] INFO  o.s.w.s.h.SimpleUrlHandlerMapping - Mapped URL path [/**] onto handler of type [class org.springframework.web.servlet.resource.ResourceHttpRequestHandler]
26138 [restartedMain] INFO  o.s.w.s.h.SimpleUrlHandlerMapping - Mapped URL path [/**/favicon.ico] onto handler of type [class org.springframework.web.servlet.resource.ResourceHttpRequestHandler]
27071 [restartedMain] INFO  com.oodles.OodlesTechApplication - Started OodlesTechApplication in 25.961 seconds (JVM running for 30.391)
31620 [http-nio-1119-exec-1] INFO  o.s.web.servlet.DispatcherServlet - FrameworkServlet 'dispatcherServlet': initialization started
31644 [http-nio-1119-exec-1] INFO  o.s.web.servlet.DispatcherServlet - FrameworkServlet 'dispatcherServlet': initialization completed in 24 ms
85977 [http-nio-1119-exec-6] INFO  c.o.controller.MarketController - ------------------------------------------------------------com.oodles.domain.User@5a1423e0
86405 [http-nio-1119-exec-6] INFO  com.oodles.services.UserService - Exception occured
1864 [restartedMain] INFO  com.oodles.OodlesTechApplication - Starting OodlesTechApplication on rahul with PID 12475 (/home/rahul/Documents/workspace-sts-3.9.2.RELEASE/Oodles-tech/target/classes started by rahul in /home/rahul/Documents/workspace-sts-3.9.2.RELEASE/Oodles-tech)
1866 [restartedMain] INFO  com.oodles.OodlesTechApplication - The following profiles are active: dev
4843 [localhost-startStop-1] INFO  o.s.web.context.ContextLoader - Root WebApplicationContext: initialization completed in 2861 ms
7665 [restartedMain] INFO  o.s.w.s.m.m.a.RequestMappingHandlerMapping - Mapped "{[/v1/assign_activity],methods=[PUT]}" onto public org.springframework.http.ResponseEntity<java.lang.Object> com.oodles.controller.ActivityController.assignActivities(com.oodles.dto.RoleActivityDTO)
7666 [restartedMain] INFO  o.s.w.s.m.m.a.RequestMappingHandlerMapping - Mapped "{[/v1/add_activity],methods=[POST]}" onto public org.springframework.http.ResponseEntity<java.lang.Object> com.oodles.controller.ActivityController.addActivities(com.oodles.domain.Activity)
7667 [restartedMain] INFO  o.s.w.s.m.m.a.RequestMappingHandlerMapping - Mapped "{[/v1/add_exchange],methods=[POST]}" onto org.springframework.http.ResponseEntity<java.lang.Object> com.oodles.controller.ExchangeController.saveExchange(com.oodles.domain.ExchangeCountry)
7668 [restartedMain] INFO  o.s.w.s.m.m.a.RequestMappingHandlerMapping - Mapped "{[/v1/get_exchange],methods=[GET]}" onto org.springframework.http.ResponseEntity<java.lang.Object> com.oodles.controller.ExchangeController.getExchange(java.lang.String)
7669 [restartedMain] INFO  o.s.w.s.m.m.a.RequestMappingHandlerMapping - Mapped "{[/v1/add_market],methods=[POST]}" onto org.springframework.http.ResponseEntity<java.lang.Object> com.oodles.controller.MarketController.saveMarket(com.oodles.dto.MarketDTO)
7670 [restartedMain] INFO  o.s.w.s.m.m.a.RequestMappingHandlerMapping - Mapped "{[/v1/get_market],methods=[GET]}" onto org.springframework.http.ResponseEntity<java.lang.Object> com.oodles.controller.MarketController.getMarket(java.lang.String)
7671 [restartedMain] INFO  o.s.w.s.m.m.a.RequestMappingHandlerMapping - Mapped "{[/v1/add_role],methods=[POST]}" onto public org.springframework.http.ResponseEntity<java.lang.Object> com.oodles.controller.RoleController.addRole(java.lang.String)
7673 [restartedMain] INFO  o.s.w.s.m.m.a.RequestMappingHandlerMapping - Mapped "{[/v1/add_user],methods=[POST]}" onto org.springframework.http.ResponseEntity<java.lang.Object> com.oodles.controller.UserController.saveUser(com.oodles.domain.User)
7673 [restartedMain] INFO  o.s.w.s.m.m.a.RequestMappingHandlerMapping - Mapped "{[/v1/get_user],methods=[GET]}" onto public org.springframework.http.ResponseEntity<java.lang.Object> com.oodles.controller.UserController.getUserProfile()
7674 [restartedMain] INFO  o.s.w.s.m.m.a.RequestMappingHandlerMapping - Mapped "{[/v1/update_user],methods=[PUT]}" onto public org.springframework.http.ResponseEntity<java.lang.Object> com.oodles.controller.UserController.updateUser(java.lang.Long,com.oodles.dto.UserDTO)
7674 [restartedMain] INFO  o.s.w.s.m.m.a.RequestMappingHandlerMapping - Mapped "{[/v1/edit_user],methods=[PUT]}" onto public org.springframework.http.ResponseEntity<java.lang.Object> com.oodles.controller.UserController.editUserProfile(com.oodles.dto.UserEditDTO)
7676 [restartedMain] INFO  o.s.w.s.m.m.a.RequestMappingHandlerMapping - Mapped "{[/v2/api-docs],methods=[GET],produces=[application/json || application/hal+json]}" onto public org.springframework.http.ResponseEntity<springfox.documentation.spring.web.json.Json> springfox.documentation.swagger2.web.Swagger2Controller.getDocumentation(java.lang.String,javax.servlet.http.HttpServletRequest)
7680 [restartedMain] INFO  o.s.w.s.m.m.a.RequestMappingHandlerMapping - Mapped "{[/swagger-resources/configuration/security]}" onto org.springframework.http.ResponseEntity<springfox.documentation.swagger.web.SecurityConfiguration> springfox.documentation.swagger.web.ApiResourceController.securityConfiguration()
7681 [restartedMain] INFO  o.s.w.s.m.m.a.RequestMappingHandlerMapping - Mapped "{[/swagger-resources]}" onto org.springframework.http.ResponseEntity<java.util.List<springfox.documentation.swagger.web.SwaggerResource>> springfox.documentation.swagger.web.ApiResourceController.swaggerResources()
7682 [restartedMain] INFO  o.s.w.s.m.m.a.RequestMappingHandlerMapping - Mapped "{[/swagger-resources/configuration/ui]}" onto org.springframework.http.ResponseEntity<springfox.documentation.swagger.web.UiConfiguration> springfox.documentation.swagger.web.ApiResourceController.uiConfiguration()
7686 [restartedMain] INFO  o.s.w.s.m.m.a.RequestMappingHandlerMapping - Mapped "{[/error],produces=[text/html]}" onto public org.springframework.web.servlet.ModelAndView org.springframework.boot.autoconfigure.web.BasicErrorController.errorHtml(javax.servlet.http.HttpServletRequest,javax.servlet.http.HttpServletResponse)
7687 [restartedMain] INFO  o.s.w.s.m.m.a.RequestMappingHandlerMapping - Mapped "{[/error]}" onto public org.springframework.http.ResponseEntity<java.util.Map<java.lang.String, java.lang.Object>> org.springframework.boot.autoconfigure.web.BasicErrorController.error(javax.servlet.http.HttpServletRequest)
8057 [restartedMain] INFO  o.s.w.s.m.m.a.RequestMappingHandlerAdapter - Looking for @ControllerAdvice: org.springframework.boot.context.embedded.AnnotationConfigEmbeddedWebApplicationContext@999c1b0: startup date [Mon Mar 05 15:41:40 IST 2018]; root of context hierarchy
8106 [restartedMain] INFO  o.s.w.s.h.SimpleUrlHandlerMapping - Mapped URL path [/webjars/**] onto handler of type [class org.springframework.web.servlet.resource.ResourceHttpRequestHandler]
8106 [restartedMain] INFO  o.s.w.s.h.SimpleUrlHandlerMapping - Mapped URL path [/**] onto handler of type [class org.springframework.web.servlet.resource.ResourceHttpRequestHandler]
8143 [restartedMain] INFO  o.s.w.s.h.SimpleUrlHandlerMapping - Mapped URL path [/**/favicon.ico] onto handler of type [class org.springframework.web.servlet.resource.ResourceHttpRequestHandler]
8843 [restartedMain] INFO  com.oodles.OodlesTechApplication - Started OodlesTechApplication in 7.885 seconds (JVM running for 10.789)
1503 [restartedMain] INFO  com.oodles.OodlesTechApplication - Starting OodlesTechApplication on rahul with PID 12915 (/home/rahul/Documents/workspace-sts-3.9.2.RELEASE/Oodles-tech/target/classes started by rahul in /home/rahul/Documents/workspace-sts-3.9.2.RELEASE/Oodles-tech)
1505 [restartedMain] INFO  com.oodles.OodlesTechApplication - The following profiles are active: dev
4433 [localhost-startStop-1] INFO  o.s.web.context.ContextLoader - Root WebApplicationContext: initialization completed in 2855 ms
7656 [restartedMain] INFO  o.s.w.s.m.m.a.RequestMappingHandlerMapping - Mapped "{[/v1/assign_activity],methods=[PUT]}" onto public org.springframework.http.ResponseEntity<java.lang.Object> com.oodles.controller.ActivityController.assignActivities(com.oodles.dto.RoleActivityDTO)
7657 [restartedMain] INFO  o.s.w.s.m.m.a.RequestMappingHandlerMapping - Mapped "{[/v1/add_activity],methods=[POST]}" onto public org.springframework.http.ResponseEntity<java.lang.Object> com.oodles.controller.ActivityController.addActivities(com.oodles.domain.Activity)
7659 [restartedMain] INFO  o.s.w.s.m.m.a.RequestMappingHandlerMapping - Mapped "{[/v1/add_exchange],methods=[POST]}" onto org.springframework.http.ResponseEntity<java.lang.Object> com.oodles.controller.ExchangeController.saveExchange(com.oodles.domain.ExchangeCountry)
7660 [restartedMain] INFO  o.s.w.s.m.m.a.RequestMappingHandlerMapping - Mapped "{[/v1/get_exchange],methods=[GET]}" onto org.springframework.http.ResponseEntity<java.lang.Object> com.oodles.controller.ExchangeController.getExchange(java.lang.String)
7661 [restartedMain] INFO  o.s.w.s.m.m.a.RequestMappingHandlerMapping - Mapped "{[/v1/add_market],methods=[POST]}" onto org.springframework.http.ResponseEntity<java.lang.Object> com.oodles.controller.MarketController.saveMarket(com.oodles.dto.MarketDTO)
7662 [restartedMain] INFO  o.s.w.s.m.m.a.RequestMappingHandlerMapping - Mapped "{[/v1/get_market],methods=[GET]}" onto org.springframework.http.ResponseEntity<java.lang.Object> com.oodles.controller.MarketController.getMarket(java.lang.String)
7662 [restartedMain] INFO  o.s.w.s.m.m.a.RequestMappingHandlerMapping - Mapped "{[/v1/add_role],methods=[POST]}" onto public org.springframework.http.ResponseEntity<java.lang.Object> com.oodles.controller.RoleController.addRole(java.lang.String)
7663 [restartedMain] INFO  o.s.w.s.m.m.a.RequestMappingHandlerMapping - Mapped "{[/v1/add_user],methods=[POST]}" onto org.springframework.http.ResponseEntity<java.lang.Object> com.oodles.controller.UserController.saveUser(com.oodles.domain.User)
7664 [restartedMain] INFO  o.s.w.s.m.m.a.RequestMappingHandlerMapping - Mapped "{[/v1/get_user],methods=[GET]}" onto public org.springframework.http.ResponseEntity<java.lang.Object> com.oodles.controller.UserController.getUserProfile()
7664 [restartedMain] INFO  o.s.w.s.m.m.a.RequestMappingHandlerMapping - Mapped "{[/v1/update_user],methods=[PUT]}" onto public org.springframework.http.ResponseEntity<java.lang.Object> com.oodles.controller.UserController.updateUser(java.lang.Long,com.oodles.dto.UserDTO)
7665 [restartedMain] INFO  o.s.w.s.m.m.a.RequestMappingHandlerMapping - Mapped "{[/v1/edit_user],methods=[PUT]}" onto public org.springframework.http.ResponseEntity<java.lang.Object> com.oodles.controller.UserController.editUserProfile(com.oodles.dto.UserEditDTO)
7679 [restartedMain] INFO  o.s.w.s.m.m.a.RequestMappingHandlerMapping - Mapped "{[/v2/api-docs],methods=[GET],produces=[application/json || application/hal+json]}" onto public org.springframework.http.ResponseEntity<springfox.documentation.spring.web.json.Json> springfox.documentation.swagger2.web.Swagger2Controller.getDocumentation(java.lang.String,javax.servlet.http.HttpServletRequest)
7685 [restartedMain] INFO  o.s.w.s.m.m.a.RequestMappingHandlerMapping - Mapped "{[/swagger-resources/configuration/security]}" onto org.springframework.http.ResponseEntity<springfox.documentation.swagger.web.SecurityConfiguration> springfox.documentation.swagger.web.ApiResourceController.securityConfiguration()
7686 [restartedMain] INFO  o.s.w.s.m.m.a.RequestMappingHandlerMapping - Mapped "{[/swagger-resources]}" onto org.springframework.http.ResponseEntity<java.util.List<springfox.documentation.swagger.web.SwaggerResource>> springfox.documentation.swagger.web.ApiResourceController.swaggerResources()
7687 [restartedMain] INFO  o.s.w.s.m.m.a.RequestMappingHandlerMapping - Mapped "{[/swagger-resources/configuration/ui]}" onto org.springframework.http.ResponseEntity<springfox.documentation.swagger.web.UiConfiguration> springfox.documentation.swagger.web.ApiResourceController.uiConfiguration()
7690 [restartedMain] INFO  o.s.w.s.m.m.a.RequestMappingHandlerMapping - Mapped "{[/error],produces=[text/html]}" onto public org.springframework.web.servlet.ModelAndView org.springframework.boot.autoconfigure.web.BasicErrorController.errorHtml(javax.servlet.http.HttpServletRequest,javax.servlet.http.HttpServletResponse)
7691 [restartedMain] INFO  o.s.w.s.m.m.a.RequestMappingHandlerMapping - Mapped "{[/error]}" onto public org.springframework.http.ResponseEntity<java.util.Map<java.lang.String, java.lang.Object>> org.springframework.boot.autoconfigure.web.BasicErrorController.error(javax.servlet.http.HttpServletRequest)
8131 [restartedMain] INFO  o.s.w.s.m.m.a.RequestMappingHandlerAdapter - Looking for @ControllerAdvice: org.springframework.boot.context.embedded.AnnotationConfigEmbeddedWebApplicationContext@1ae70f11: startup date [Mon Mar 05 15:55:16 IST 2018]; root of context hierarchy
8298 [restartedMain] INFO  o.s.w.s.h.SimpleUrlHandlerMapping - Mapped URL path [/webjars/**] onto handler of type [class org.springframework.web.servlet.resource.ResourceHttpRequestHandler]
8298 [restartedMain] INFO  o.s.w.s.h.SimpleUrlHandlerMapping - Mapped URL path [/**] onto handler of type [class org.springframework.web.servlet.resource.ResourceHttpRequestHandler]
8348 [restartedMain] INFO  o.s.w.s.h.SimpleUrlHandlerMapping - Mapped URL path [/**/favicon.ico] onto handler of type [class org.springframework.web.servlet.resource.ResourceHttpRequestHandler]
9169 [restartedMain] INFO  com.oodles.OodlesTechApplication - Started OodlesTechApplication in 8.221 seconds (JVM running for 10.965)
19751 [http-nio-1119-exec-1] INFO  o.s.web.servlet.DispatcherServlet - FrameworkServlet 'dispatcherServlet': initialization started
19782 [http-nio-1119-exec-1] INFO  o.s.web.servlet.DispatcherServlet - FrameworkServlet 'dispatcherServlet': initialization completed in 30 ms
19928 [http-nio-1119-exec-1] INFO  c.o.controller.MarketController - ------------------------------------------------------------com.oodles.domain.User@2d2bb171
20405 [http-nio-1119-exec-1] INFO  com.oodles.services.UserService - Exception occured
1894 [restartedMain] INFO  com.oodles.OodlesTechApplication - Starting OodlesTechApplication on rahul with PID 15490 (/home/rahul/Documents/workspace-sts-3.9.2.RELEASE/Oodles-tech/target/classes started by rahul in /home/rahul/Documents/workspace-sts-3.9.2.RELEASE/Oodles-tech)
1914 [restartedMain] INFO  com.oodles.OodlesTechApplication - The following profiles are active: dev
617  [restartedMain] INFO  com.oodles.OodlesTechApplication - Starting OodlesTechApplication on rahul with PID 16968 (/home/rahul/Documents/workspace-sts-3.9.2.RELEASE/Oodles-tech/target/classes started by rahul in /home/rahul/Documents/workspace-sts-3.9.2.RELEASE/Oodles-tech)
618  [restartedMain] INFO  com.oodles.OodlesTechApplication - The following profiles are active: dev
2794 [localhost-startStop-1] INFO  o.s.web.context.ContextLoader - Root WebApplicationContext: initialization completed in 2128 ms
7365 [restartedMain] INFO  o.s.w.s.m.m.a.RequestMappingHandlerMapping - Mapped "{[/v1/assign_activity],methods=[PUT]}" onto public org.springframework.http.ResponseEntity<java.lang.Object> com.oodles.controller.ActivityController.assignActivities(com.oodles.dto.RoleActivityDTO)
7366 [restartedMain] INFO  o.s.w.s.m.m.a.RequestMappingHandlerMapping - Mapped "{[/v1/add_activity],methods=[POST]}" onto public org.springframework.http.ResponseEntity<java.lang.Object> com.oodles.controller.ActivityController.addActivities(com.oodles.domain.Activity)
7367 [restartedMain] INFO  o.s.w.s.m.m.a.RequestMappingHandlerMapping - Mapped "{[/v1/add_exchange],methods=[POST]}" onto org.springframework.http.ResponseEntity<java.lang.Object> com.oodles.controller.ExchangeController.saveExchange(com.oodles.domain.ExchangeCountry)
7368 [restartedMain] INFO  o.s.w.s.m.m.a.RequestMappingHandlerMapping - Mapped "{[/v1/get_exchange],methods=[GET]}" onto org.springframework.http.ResponseEntity<java.lang.Object> com.oodles.controller.ExchangeController.getExchange(java.lang.String)
7368 [restartedMain] INFO  o.s.w.s.m.m.a.RequestMappingHandlerMapping - Mapped "{[/v1/add_market],methods=[POST]}" onto org.springframework.http.ResponseEntity<java.lang.Object> com.oodles.controller.MarketController.saveMarket(com.oodles.dto.MarketDTO)
7369 [restartedMain] INFO  o.s.w.s.m.m.a.RequestMappingHandlerMapping - Mapped "{[/v1/get_market],methods=[GET]}" onto org.springframework.http.ResponseEntity<java.lang.Object> com.oodles.controller.MarketController.getMarket(java.lang.String)
7370 [restartedMain] INFO  o.s.w.s.m.m.a.RequestMappingHandlerMapping - Mapped "{[/v1/add_role],methods=[POST]}" onto public org.springframework.http.ResponseEntity<java.lang.Object> com.oodles.controller.RoleController.addRole(java.lang.String)
7371 [restartedMain] INFO  o.s.w.s.m.m.a.RequestMappingHandlerMapping - Mapped "{[/v1/add_user],methods=[POST]}" onto org.springframework.http.ResponseEntity<java.lang.Object> com.oodles.controller.UserController.saveUser(com.oodles.domain.User)
7371 [restartedMain] INFO  o.s.w.s.m.m.a.RequestMappingHandlerMapping - Mapped "{[/v1/get_user],methods=[GET]}" onto public org.springframework.http.ResponseEntity<java.lang.Object> com.oodles.controller.UserController.getUserProfile()
7372 [restartedMain] INFO  o.s.w.s.m.m.a.RequestMappingHandlerMapping - Mapped "{[/v1/update_user],methods=[PUT]}" onto public org.springframework.http.ResponseEntity<java.lang.Object> com.oodles.controller.UserController.updateUser(java.lang.Long,com.oodles.dto.UserDTO)
7372 [restartedMain] INFO  o.s.w.s.m.m.a.RequestMappingHandlerMapping - Mapped "{[/v1/edit_user],methods=[PUT]}" onto public org.springframework.http.ResponseEntity<java.lang.Object> com.oodles.controller.UserController.editUserProfile(com.oodles.dto.UserEditDTO)
7373 [restartedMain] INFO  o.s.w.s.m.m.a.RequestMappingHandlerMapping - Mapped "{[/v2/api-docs],methods=[GET],produces=[application/json || application/hal+json]}" onto public org.springframework.http.ResponseEntity<springfox.documentation.spring.web.json.Json> springfox.documentation.swagger2.web.Swagger2Controller.getDocumentation(java.lang.String,javax.servlet.http.HttpServletRequest)
7377 [restartedMain] INFO  o.s.w.s.m.m.a.RequestMappingHandlerMapping - Mapped "{[/swagger-resources/configuration/security]}" onto org.springframework.http.ResponseEntity<springfox.documentation.swagger.web.SecurityConfiguration> springfox.documentation.swagger.web.ApiResourceController.securityConfiguration()
7378 [restartedMain] INFO  o.s.w.s.m.m.a.RequestMappingHandlerMapping - Mapped "{[/swagger-resources]}" onto org.springframework.http.ResponseEntity<java.util.List<springfox.documentation.swagger.web.SwaggerResource>> springfox.documentation.swagger.web.ApiResourceController.swaggerResources()
7379 [restartedMain] INFO  o.s.w.s.m.m.a.RequestMappingHandlerMapping - Mapped "{[/swagger-resources/configuration/ui]}" onto org.springframework.http.ResponseEntity<springfox.documentation.swagger.web.UiConfiguration> springfox.documentation.swagger.web.ApiResourceController.uiConfiguration()
7383 [restartedMain] INFO  o.s.w.s.m.m.a.RequestMappingHandlerMapping - Mapped "{[/error],produces=[text/html]}" onto public org.springframework.web.servlet.ModelAndView org.springframework.boot.autoconfigure.web.BasicErrorController.errorHtml(javax.servlet.http.HttpServletRequest,javax.servlet.http.HttpServletResponse)
7383 [restartedMain] INFO  o.s.w.s.m.m.a.RequestMappingHandlerMapping - Mapped "{[/error]}" onto public org.springframework.http.ResponseEntity<java.util.Map<java.lang.String, java.lang.Object>> org.springframework.boot.autoconfigure.web.BasicErrorController.error(javax.servlet.http.HttpServletRequest)
7797 [restartedMain] INFO  o.s.w.s.m.m.a.RequestMappingHandlerAdapter - Looking for @ControllerAdvice: org.springframework.boot.context.embedded.AnnotationConfigEmbeddedWebApplicationContext@10a317fa: startup date [Mon Mar 05 18:21:39 IST 2018]; root of context hierarchy
7866 [restartedMain] INFO  o.s.w.s.h.SimpleUrlHandlerMapping - Mapped URL path [/webjars/**] onto handler of type [class org.springframework.web.servlet.resource.ResourceHttpRequestHandler]
7866 [restartedMain] INFO  o.s.w.s.h.SimpleUrlHandlerMapping - Mapped URL path [/**] onto handler of type [class org.springframework.web.servlet.resource.ResourceHttpRequestHandler]
7942 [restartedMain] INFO  o.s.w.s.h.SimpleUrlHandlerMapping - Mapped URL path [/**/favicon.ico] onto handler of type [class org.springframework.web.servlet.resource.ResourceHttpRequestHandler]
8907 [restartedMain] INFO  com.oodles.OodlesTechApplication - Started OodlesTechApplication in 8.653 seconds (JVM running for 9.284)
18440 [http-nio-1119-exec-1] INFO  o.s.web.servlet.DispatcherServlet - FrameworkServlet 'dispatcherServlet': initialization started
18456 [http-nio-1119-exec-1] INFO  o.s.web.servlet.DispatcherServlet - FrameworkServlet 'dispatcherServlet': initialization completed in 16 ms
18545 [http-nio-1119-exec-1] INFO  c.o.controller.MarketController - ------------------------------------------------------------com.oodles.domain.User@585bc20b
18810 [http-nio-1119-exec-1] INFO  com.oodles.services.UserService - Exception occured
58867 [http-nio-1119-exec-1] INFO  c.o.controller.MarketController - ------------------------------------------------------------com.oodles.domain.User@3553cc64
58872 [http-nio-1119-exec-1] INFO  com.oodles.services.UserService - Exception occured
492  [restartedMain] INFO  com.oodles.OodlesTechApplication - Starting OodlesTechApplication on rahul with PID 17111 (/home/rahul/Documents/workspace-sts-3.9.2.RELEASE/Oodles-tech/target/classes started by rahul in /home/rahul/Documents/workspace-sts-3.9.2.RELEASE/Oodles-tech)
493  [restartedMain] INFO  com.oodles.OodlesTechApplication - The following profiles are active: dev
2442 [localhost-startStop-1] INFO  o.s.web.context.ContextLoader - Root WebApplicationContext: initialization completed in 1895 ms
4908 [restartedMain] INFO  o.s.w.s.m.m.a.RequestMappingHandlerMapping - Mapped "{[/v1/assign_activity],methods=[PUT]}" onto public org.springframework.http.ResponseEntity<java.lang.Object> com.oodles.controller.ActivityController.assignActivities(com.oodles.dto.RoleActivityDTO)
4909 [restartedMain] INFO  o.s.w.s.m.m.a.RequestMappingHandlerMapping - Mapped "{[/v1/add_activity],methods=[POST]}" onto public org.springframework.http.ResponseEntity<java.lang.Object> com.oodles.controller.ActivityController.addActivities(com.oodles.domain.Activity)
4910 [restartedMain] INFO  o.s.w.s.m.m.a.RequestMappingHandlerMapping - Mapped "{[/v1/add_exchange],methods=[POST]}" onto org.springframework.http.ResponseEntity<java.lang.Object> com.oodles.controller.ExchangeController.saveExchange(com.oodles.domain.ExchangeCountry)
4911 [restartedMain] INFO  o.s.w.s.m.m.a.RequestMappingHandlerMapping - Mapped "{[/v1/get_exchange],methods=[GET]}" onto org.springframework.http.ResponseEntity<java.lang.Object> com.oodles.controller.ExchangeController.getExchange(java.lang.String)
4912 [restartedMain] INFO  o.s.w.s.m.m.a.RequestMappingHandlerMapping - Mapped "{[/v1/add_market],methods=[POST]}" onto org.springframework.http.ResponseEntity<java.lang.Object> com.oodles.controller.MarketController.saveMarket(com.oodles.dto.MarketDTO)
4913 [restartedMain] INFO  o.s.w.s.m.m.a.RequestMappingHandlerMapping - Mapped "{[/v1/get_market],methods=[GET]}" onto org.springframework.http.ResponseEntity<java.lang.Object> com.oodles.controller.MarketController.getMarket(java.lang.String)
4914 [restartedMain] INFO  o.s.w.s.m.m.a.RequestMappingHandlerMapping - Mapped "{[/v1/add_role],methods=[POST]}" onto public org.springframework.http.ResponseEntity<java.lang.Object> com.oodles.controller.RoleController.addRole(java.lang.String)
4915 [restartedMain] INFO  o.s.w.s.m.m.a.RequestMappingHandlerMapping - Mapped "{[/v1/add_user],methods=[POST]}" onto org.springframework.http.ResponseEntity<java.lang.Object> com.oodles.controller.UserController.saveUser(com.oodles.domain.User)
4916 [restartedMain] INFO  o.s.w.s.m.m.a.RequestMappingHandlerMapping - Mapped "{[/v1/get_user],methods=[GET]}" onto public org.springframework.http.ResponseEntity<java.lang.Object> com.oodles.controller.UserController.getUserProfile()
4916 [restartedMain] INFO  o.s.w.s.m.m.a.RequestMappingHandlerMapping - Mapped "{[/v1/update_user],methods=[PUT]}" onto public org.springframework.http.ResponseEntity<java.lang.Object> com.oodles.controller.UserController.updateUser(java.lang.Long,com.oodles.dto.UserDTO)
4917 [restartedMain] INFO  o.s.w.s.m.m.a.RequestMappingHandlerMapping - Mapped "{[/v1/edit_user],methods=[PUT]}" onto public org.springframework.http.ResponseEntity<java.lang.Object> com.oodles.controller.UserController.editUserProfile(com.oodles.dto.UserEditDTO)
4919 [restartedMain] INFO  o.s.w.s.m.m.a.RequestMappingHandlerMapping - Mapped "{[/v2/api-docs],methods=[GET],produces=[application/json || application/hal+json]}" onto public org.springframework.http.ResponseEntity<springfox.documentation.spring.web.json.Json> springfox.documentation.swagger2.web.Swagger2Controller.getDocumentation(java.lang.String,javax.servlet.http.HttpServletRequest)
4923 [restartedMain] INFO  o.s.w.s.m.m.a.RequestMappingHandlerMapping - Mapped "{[/swagger-resources/configuration/security]}" onto org.springframework.http.ResponseEntity<springfox.documentation.swagger.web.SecurityConfiguration> springfox.documentation.swagger.web.ApiResourceController.securityConfiguration()
4924 [restartedMain] INFO  o.s.w.s.m.m.a.RequestMappingHandlerMapping - Mapped "{[/swagger-resources]}" onto org.springframework.http.ResponseEntity<java.util.List<springfox.documentation.swagger.web.SwaggerResource>> springfox.documentation.swagger.web.ApiResourceController.swaggerResources()
4925 [restartedMain] INFO  o.s.w.s.m.m.a.RequestMappingHandlerMapping - Mapped "{[/swagger-resources/configuration/ui]}" onto org.springframework.http.ResponseEntity<springfox.documentation.swagger.web.UiConfiguration> springfox.documentation.swagger.web.ApiResourceController.uiConfiguration()
4931 [restartedMain] INFO  o.s.w.s.m.m.a.RequestMappingHandlerMapping - Mapped "{[/error],produces=[text/html]}" onto public org.springframework.web.servlet.ModelAndView org.springframework.boot.autoconfigure.web.BasicErrorController.errorHtml(javax.servlet.http.HttpServletRequest,javax.servlet.http.HttpServletResponse)
4932 [restartedMain] INFO  o.s.w.s.m.m.a.RequestMappingHandlerMapping - Mapped "{[/error]}" onto public org.springframework.http.ResponseEntity<java.util.Map<java.lang.String, java.lang.Object>> org.springframework.boot.autoconfigure.web.BasicErrorController.error(javax.servlet.http.HttpServletRequest)
5236 [restartedMain] INFO  o.s.w.s.m.m.a.RequestMappingHandlerAdapter - Looking for @ControllerAdvice: org.springframework.boot.context.embedded.AnnotationConfigEmbeddedWebApplicationContext@5416f5dc: startup date [Mon Mar 05 18:23:58 IST 2018]; root of context hierarchy
5297 [restartedMain] INFO  o.s.w.s.h.SimpleUrlHandlerMapping - Mapped URL path [/webjars/**] onto handler of type [class org.springframework.web.servlet.resource.ResourceHttpRequestHandler]
5297 [restartedMain] INFO  o.s.w.s.h.SimpleUrlHandlerMapping - Mapped URL path [/**] onto handler of type [class org.springframework.web.servlet.resource.ResourceHttpRequestHandler]
5353 [restartedMain] INFO  o.s.w.s.h.SimpleUrlHandlerMapping - Mapped URL path [/**/favicon.ico] onto handler of type [class org.springframework.web.servlet.resource.ResourceHttpRequestHandler]
5986 [restartedMain] INFO  com.oodles.OodlesTechApplication - Started OodlesTechApplication in 5.794 seconds (JVM running for 6.37)
12091 [http-nio-1119-exec-1] INFO  o.s.web.servlet.DispatcherServlet - FrameworkServlet 'dispatcherServlet': initialization started
12109 [http-nio-1119-exec-1] INFO  o.s.web.servlet.DispatcherServlet - FrameworkServlet 'dispatcherServlet': initialization completed in 18 ms
12173 [http-nio-1119-exec-1] INFO  c.o.controller.MarketController - ------------------------------------------------------------com.oodles.domain.User@600a7620
12303 [http-nio-1119-exec-1] INFO  com.oodles.services.UserService - Exception occured
570  [restartedMain] INFO  com.oodles.OodlesTechApplication - Starting OodlesTechApplication on rahul with PID 17215 (/home/rahul/Documents/workspace-sts-3.9.2.RELEASE/Oodles-tech/target/classes started by rahul in /home/rahul/Documents/workspace-sts-3.9.2.RELEASE/Oodles-tech)
572  [restartedMain] INFO  com.oodles.OodlesTechApplication - The following profiles are active: dev
2672 [localhost-startStop-1] INFO  o.s.web.context.ContextLoader - Root WebApplicationContext: initialization completed in 2041 ms
5083 [restartedMain] INFO  o.s.w.s.m.m.a.RequestMappingHandlerMapping - Mapped "{[/v1/assign_activity],methods=[PUT]}" onto public org.springframework.http.ResponseEntity<java.lang.Object> com.oodles.controller.ActivityController.assignActivities(com.oodles.dto.RoleActivityDTO)
5084 [restartedMain] INFO  o.s.w.s.m.m.a.RequestMappingHandlerMapping - Mapped "{[/v1/add_activity],methods=[POST]}" onto public org.springframework.http.ResponseEntity<java.lang.Object> com.oodles.controller.ActivityController.addActivities(com.oodles.domain.Activity)
5085 [restartedMain] INFO  o.s.w.s.m.m.a.RequestMappingHandlerMapping - Mapped "{[/v1/add_exchange],methods=[POST]}" onto org.springframework.http.ResponseEntity<java.lang.Object> com.oodles.controller.ExchangeController.saveExchange(com.oodles.domain.ExchangeCountry)
5086 [restartedMain] INFO  o.s.w.s.m.m.a.RequestMappingHandlerMapping - Mapped "{[/v1/get_exchange],methods=[GET]}" onto org.springframework.http.ResponseEntity<java.lang.Object> com.oodles.controller.ExchangeController.getExchange(java.lang.String)
5087 [restartedMain] INFO  o.s.w.s.m.m.a.RequestMappingHandlerMapping - Mapped "{[/v1/add_market],methods=[POST]}" onto org.springframework.http.ResponseEntity<java.lang.Object> com.oodles.controller.MarketController.saveMarket(com.oodles.dto.MarketDTO)
5087 [restartedMain] INFO  o.s.w.s.m.m.a.RequestMappingHandlerMapping - Mapped "{[/v1/get_market],methods=[GET]}" onto org.springframework.http.ResponseEntity<java.lang.Object> com.oodles.controller.MarketController.getMarket(java.lang.String)
5088 [restartedMain] INFO  o.s.w.s.m.m.a.RequestMappingHandlerMapping - Mapped "{[/v1/add_role],methods=[POST]}" onto public org.springframework.http.ResponseEntity<java.lang.Object> com.oodles.controller.RoleController.addRole(java.lang.String)
5089 [restartedMain] INFO  o.s.w.s.m.m.a.RequestMappingHandlerMapping - Mapped "{[/v1/add_user],methods=[POST]}" onto org.springframework.http.ResponseEntity<java.lang.Object> com.oodles.controller.UserController.saveUser(com.oodles.domain.User)
5089 [restartedMain] INFO  o.s.w.s.m.m.a.RequestMappingHandlerMapping - Mapped "{[/v1/get_user],methods=[GET]}" onto public org.springframework.http.ResponseEntity<java.lang.Object> com.oodles.controller.UserController.getUserProfile()
5090 [restartedMain] INFO  o.s.w.s.m.m.a.RequestMappingHandlerMapping - Mapped "{[/v1/update_user],methods=[PUT]}" onto public org.springframework.http.ResponseEntity<java.lang.Object> com.oodles.controller.UserController.updateUser(java.lang.Long,com.oodles.dto.UserDTO)
5090 [restartedMain] INFO  o.s.w.s.m.m.a.RequestMappingHandlerMapping - Mapped "{[/v1/edit_user],methods=[PUT]}" onto public org.springframework.http.ResponseEntity<java.lang.Object> com.oodles.controller.UserController.editUserProfile(com.oodles.dto.UserEditDTO)
5091 [restartedMain] INFO  o.s.w.s.m.m.a.RequestMappingHandlerMapping - Mapped "{[/v2/api-docs],methods=[GET],produces=[application/json || application/hal+json]}" onto public org.springframework.http.ResponseEntity<springfox.documentation.spring.web.json.Json> springfox.documentation.swagger2.web.Swagger2Controller.getDocumentation(java.lang.String,javax.servlet.http.HttpServletRequest)
5095 [restartedMain] INFO  o.s.w.s.m.m.a.RequestMappingHandlerMapping - Mapped "{[/swagger-resources/configuration/security]}" onto org.springframework.http.ResponseEntity<springfox.documentation.swagger.web.SecurityConfiguration> springfox.documentation.swagger.web.ApiResourceController.securityConfiguration()
5096 [restartedMain] INFO  o.s.w.s.m.m.a.RequestMappingHandlerMapping - Mapped "{[/swagger-resources]}" onto org.springframework.http.ResponseEntity<java.util.List<springfox.documentation.swagger.web.SwaggerResource>> springfox.documentation.swagger.web.ApiResourceController.swaggerResources()
5097 [restartedMain] INFO  o.s.w.s.m.m.a.RequestMappingHandlerMapping - Mapped "{[/swagger-resources/configuration/ui]}" onto org.springframework.http.ResponseEntity<springfox.documentation.swagger.web.UiConfiguration> springfox.documentation.swagger.web.ApiResourceController.uiConfiguration()
5101 [restartedMain] INFO  o.s.w.s.m.m.a.RequestMappingHandlerMapping - Mapped "{[/error],produces=[text/html]}" onto public org.springframework.web.servlet.ModelAndView org.springframework.boot.autoconfigure.web.BasicErrorController.errorHtml(javax.servlet.http.HttpServletRequest,javax.servlet.http.HttpServletResponse)
5102 [restartedMain] INFO  o.s.w.s.m.m.a.RequestMappingHandlerMapping - Mapped "{[/error]}" onto public org.springframework.http.ResponseEntity<java.util.Map<java.lang.String, java.lang.Object>> org.springframework.boot.autoconfigure.web.BasicErrorController.error(javax.servlet.http.HttpServletRequest)
5388 [restartedMain] INFO  o.s.w.s.m.m.a.RequestMappingHandlerAdapter - Looking for @ControllerAdvice: org.springframework.boot.context.embedded.AnnotationConfigEmbeddedWebApplicationContext@3d4dbc9e: startup date [Mon Mar 05 18:25:02 IST 2018]; root of context hierarchy
5442 [restartedMain] INFO  o.s.w.s.h.SimpleUrlHandlerMapping - Mapped URL path [/webjars/**] onto handler of type [class org.springframework.web.servlet.resource.ResourceHttpRequestHandler]
5443 [restartedMain] INFO  o.s.w.s.h.SimpleUrlHandlerMapping - Mapped URL path [/**] onto handler of type [class org.springframework.web.servlet.resource.ResourceHttpRequestHandler]
5485 [restartedMain] INFO  o.s.w.s.h.SimpleUrlHandlerMapping - Mapped URL path [/**/favicon.ico] onto handler of type [class org.springframework.web.servlet.resource.ResourceHttpRequestHandler]
6160 [restartedMain] INFO  com.oodles.OodlesTechApplication - Started OodlesTechApplication in 5.937 seconds (JVM running for 6.497)
6496 [http-nio-1119-exec-1] INFO  o.s.web.servlet.DispatcherServlet - FrameworkServlet 'dispatcherServlet': initialization started
6515 [http-nio-1119-exec-1] INFO  o.s.web.servlet.DispatcherServlet - FrameworkServlet 'dispatcherServlet': initialization completed in 19 ms
6575 [http-nio-1119-exec-1] INFO  c.o.controller.MarketController - ------------------------------------------------------------com.oodles.domain.User@481e4848
6697 [http-nio-1119-exec-1] INFO  com.oodles.services.UserService - Exception occured
568  [restartedMain] INFO  com.oodles.OodlesTechApplication - Starting OodlesTechApplication on rahul with PID 17312 (/home/rahul/Documents/workspace-sts-3.9.2.RELEASE/Oodles-tech/target/classes started by rahul in /home/rahul/Documents/workspace-sts-3.9.2.RELEASE/Oodles-tech)
569  [restartedMain] INFO  com.oodles.OodlesTechApplication - The following profiles are active: dev
2416 [localhost-startStop-1] INFO  o.s.web.context.ContextLoader - Root WebApplicationContext: initialization completed in 1797 ms
4900 [restartedMain] INFO  o.s.w.s.m.m.a.RequestMappingHandlerMapping - Mapped "{[/v1/assign_activity],methods=[PUT]}" onto public org.springframework.http.ResponseEntity<java.lang.Object> com.oodles.controller.ActivityController.assignActivities(com.oodles.dto.RoleActivityDTO)
4901 [restartedMain] INFO  o.s.w.s.m.m.a.RequestMappingHandlerMapping - Mapped "{[/v1/add_activity],methods=[POST]}" onto public org.springframework.http.ResponseEntity<java.lang.Object> com.oodles.controller.ActivityController.addActivities(com.oodles.domain.Activity)
4902 [restartedMain] INFO  o.s.w.s.m.m.a.RequestMappingHandlerMapping - Mapped "{[/v1/add_exchange],methods=[POST]}" onto org.springframework.http.ResponseEntity<java.lang.Object> com.oodles.controller.ExchangeController.saveExchange(com.oodles.domain.ExchangeCountry)
4903 [restartedMain] INFO  o.s.w.s.m.m.a.RequestMappingHandlerMapping - Mapped "{[/v1/get_exchange],methods=[GET]}" onto org.springframework.http.ResponseEntity<java.lang.Object> com.oodles.controller.ExchangeController.getExchange(java.lang.String)
4903 [restartedMain] INFO  o.s.w.s.m.m.a.RequestMappingHandlerMapping - Mapped "{[/v1/add_market],methods=[POST]}" onto org.springframework.http.ResponseEntity<java.lang.Object> com.oodles.controller.MarketController.saveMarket(com.oodles.dto.MarketDTO)
4904 [restartedMain] INFO  o.s.w.s.m.m.a.RequestMappingHandlerMapping - Mapped "{[/v1/get_market],methods=[GET]}" onto org.springframework.http.ResponseEntity<java.lang.Object> com.oodles.controller.MarketController.getMarket(java.lang.String)
4905 [restartedMain] INFO  o.s.w.s.m.m.a.RequestMappingHandlerMapping - Mapped "{[/v1/add_role],methods=[POST]}" onto public org.springframework.http.ResponseEntity<java.lang.Object> com.oodles.controller.RoleController.addRole(java.lang.String)
4906 [restartedMain] INFO  o.s.w.s.m.m.a.RequestMappingHandlerMapping - Mapped "{[/v1/add_user],methods=[POST]}" onto org.springframework.http.ResponseEntity<java.lang.Object> com.oodles.controller.UserController.saveUser(com.oodles.domain.User)
4907 [restartedMain] INFO  o.s.w.s.m.m.a.RequestMappingHandlerMapping - Mapped "{[/v1/get_user],methods=[GET]}" onto public org.springframework.http.ResponseEntity<java.lang.Object> com.oodles.controller.UserController.getUserProfile()
4907 [restartedMain] INFO  o.s.w.s.m.m.a.RequestMappingHandlerMapping - Mapped "{[/v1/update_user],methods=[PUT]}" onto public org.springframework.http.ResponseEntity<java.lang.Object> com.oodles.controller.UserController.updateUser(java.lang.Long,com.oodles.dto.UserDTO)
4908 [restartedMain] INFO  o.s.w.s.m.m.a.RequestMappingHandlerMapping - Mapped "{[/v1/edit_user],methods=[PUT]}" onto public org.springframework.http.ResponseEntity<java.lang.Object> com.oodles.controller.UserController.editUserProfile(com.oodles.dto.UserEditDTO)
4909 [restartedMain] INFO  o.s.w.s.m.m.a.RequestMappingHandlerMapping - Mapped "{[/v2/api-docs],methods=[GET],produces=[application/json || application/hal+json]}" onto public org.springframework.http.ResponseEntity<springfox.documentation.spring.web.json.Json> springfox.documentation.swagger2.web.Swagger2Controller.getDocumentation(java.lang.String,javax.servlet.http.HttpServletRequest)
4913 [restartedMain] INFO  o.s.w.s.m.m.a.RequestMappingHandlerMapping - Mapped "{[/swagger-resources/configuration/security]}" onto org.springframework.http.ResponseEntity<springfox.documentation.swagger.web.SecurityConfiguration> springfox.documentation.swagger.web.ApiResourceController.securityConfiguration()
4914 [restartedMain] INFO  o.s.w.s.m.m.a.RequestMappingHandlerMapping - Mapped "{[/swagger-resources]}" onto org.springframework.http.ResponseEntity<java.util.List<springfox.documentation.swagger.web.SwaggerResource>> springfox.documentation.swagger.web.ApiResourceController.swaggerResources()
4915 [restartedMain] INFO  o.s.w.s.m.m.a.RequestMappingHandlerMapping - Mapped "{[/swagger-resources/configuration/ui]}" onto org.springframework.http.ResponseEntity<springfox.documentation.swagger.web.UiConfiguration> springfox.documentation.swagger.web.ApiResourceController.uiConfiguration()
4919 [restartedMain] INFO  o.s.w.s.m.m.a.RequestMappingHandlerMapping - Mapped "{[/error],produces=[text/html]}" onto public org.springframework.web.servlet.ModelAndView org.springframework.boot.autoconfigure.web.BasicErrorController.errorHtml(javax.servlet.http.HttpServletRequest,javax.servlet.http.HttpServletResponse)
4919 [restartedMain] INFO  o.s.w.s.m.m.a.RequestMappingHandlerMapping - Mapped "{[/error]}" onto public org.springframework.http.ResponseEntity<java.util.Map<java.lang.String, java.lang.Object>> org.springframework.boot.autoconfigure.web.BasicErrorController.error(javax.servlet.http.HttpServletRequest)
5207 [restartedMain] INFO  o.s.w.s.m.m.a.RequestMappingHandlerAdapter - Looking for @ControllerAdvice: org.springframework.boot.context.embedded.AnnotationConfigEmbeddedWebApplicationContext@5416f5dc: startup date [Mon Mar 05 18:25:40 IST 2018]; root of context hierarchy
5261 [restartedMain] INFO  o.s.w.s.h.SimpleUrlHandlerMapping - Mapped URL path [/webjars/**] onto handler of type [class org.springframework.web.servlet.resource.ResourceHttpRequestHandler]
5261 [restartedMain] INFO  o.s.w.s.h.SimpleUrlHandlerMapping - Mapped URL path [/**] onto handler of type [class org.springframework.web.servlet.resource.ResourceHttpRequestHandler]
5303 [restartedMain] INFO  o.s.w.s.h.SimpleUrlHandlerMapping - Mapped URL path [/**/favicon.ico] onto handler of type [class org.springframework.web.servlet.resource.ResourceHttpRequestHandler]
5994 [restartedMain] INFO  com.oodles.OodlesTechApplication - Started OodlesTechApplication in 5.768 seconds (JVM running for 6.333)
9446 [http-nio-1119-exec-1] INFO  o.s.web.servlet.DispatcherServlet - FrameworkServlet 'dispatcherServlet': initialization started
9465 [http-nio-1119-exec-1] INFO  o.s.web.servlet.DispatcherServlet - FrameworkServlet 'dispatcherServlet': initialization completed in 19 ms
9527 [http-nio-1119-exec-1] INFO  c.o.controller.MarketController - ------------------------------------------------------------com.oodles.domain.User@5f89e480
9654 [http-nio-1119-exec-1] INFO  com.oodles.services.UserService - Exception occured
571  [restartedMain] INFO  com.oodles.OodlesTechApplication - Starting OodlesTechApplication on rahul with PID 18193 (/home/rahul/Documents/workspace-sts-3.9.2.RELEASE/Oodles-tech/target/classes started by rahul in /home/rahul/Documents/workspace-sts-3.9.2.RELEASE/Oodles-tech)
573  [restartedMain] INFO  com.oodles.OodlesTechApplication - The following profiles are active: dev
2457 [localhost-startStop-1] INFO  o.s.web.context.ContextLoader - Root WebApplicationContext: initialization completed in 1847 ms
4825 [restartedMain] INFO  o.s.w.s.m.m.a.RequestMappingHandlerMapping - Mapped "{[/v1/assign_activity],methods=[PUT]}" onto public org.springframework.http.ResponseEntity<java.lang.Object> com.oodles.controller.ActivityController.assignActivities(com.oodles.dto.RoleActivityDTO)
4827 [restartedMain] INFO  o.s.w.s.m.m.a.RequestMappingHandlerMapping - Mapped "{[/v1/add_activity],methods=[POST]}" onto public org.springframework.http.ResponseEntity<java.lang.Object> com.oodles.controller.ActivityController.addActivities(com.oodles.domain.Activity)
4828 [restartedMain] INFO  o.s.w.s.m.m.a.RequestMappingHandlerMapping - Mapped "{[/v1/add_exchange],methods=[POST]}" onto org.springframework.http.ResponseEntity<java.lang.Object> com.oodles.controller.ExchangeController.saveExchange(com.oodles.domain.ExchangeCountry)
4828 [restartedMain] INFO  o.s.w.s.m.m.a.RequestMappingHandlerMapping - Mapped "{[/v1/get_exchange],methods=[GET]}" onto org.springframework.http.ResponseEntity<java.lang.Object> com.oodles.controller.ExchangeController.getExchange(java.lang.String)
4829 [restartedMain] INFO  o.s.w.s.m.m.a.RequestMappingHandlerMapping - Mapped "{[/v1/add_market],methods=[POST]}" onto org.springframework.http.ResponseEntity<java.lang.Object> com.oodles.controller.MarketController.saveMarket(com.oodles.dto.MarketDTO)
4830 [restartedMain] INFO  o.s.w.s.m.m.a.RequestMappingHandlerMapping - Mapped "{[/v1/get_market],methods=[GET]}" onto org.springframework.http.ResponseEntity<java.lang.Object> com.oodles.controller.MarketController.getMarket(java.lang.String)
4831 [restartedMain] INFO  o.s.w.s.m.m.a.RequestMappingHandlerMapping - Mapped "{[/v1/add_role],methods=[POST]}" onto public org.springframework.http.ResponseEntity<java.lang.Object> com.oodles.controller.RoleController.addRole(java.lang.String)
4832 [restartedMain] INFO  o.s.w.s.m.m.a.RequestMappingHandlerMapping - Mapped "{[/v1/add_user],methods=[POST]}" onto org.springframework.http.ResponseEntity<java.lang.Object> com.oodles.controller.UserController.saveUser(com.oodles.domain.User)
4833 [restartedMain] INFO  o.s.w.s.m.m.a.RequestMappingHandlerMapping - Mapped "{[/v1/get_user],methods=[GET]}" onto public org.springframework.http.ResponseEntity<java.lang.Object> com.oodles.controller.UserController.getUserProfile()
4833 [restartedMain] INFO  o.s.w.s.m.m.a.RequestMappingHandlerMapping - Mapped "{[/v1/update_user],methods=[PUT]}" onto public org.springframework.http.ResponseEntity<java.lang.Object> com.oodles.controller.UserController.updateUser(java.lang.Long,com.oodles.dto.UserDTO)
4834 [restartedMain] INFO  o.s.w.s.m.m.a.RequestMappingHandlerMapping - Mapped "{[/v1/edit_user],methods=[PUT]}" onto public org.springframework.http.ResponseEntity<java.lang.Object> com.oodles.controller.UserController.editUserProfile(com.oodles.dto.UserEditDTO)
4835 [restartedMain] INFO  o.s.w.s.m.m.a.RequestMappingHandlerMapping - Mapped "{[/v2/api-docs],methods=[GET],produces=[application/json || application/hal+json]}" onto public org.springframework.http.ResponseEntity<springfox.documentation.spring.web.json.Json> springfox.documentation.swagger2.web.Swagger2Controller.getDocumentation(java.lang.String,javax.servlet.http.HttpServletRequest)
4839 [restartedMain] INFO  o.s.w.s.m.m.a.RequestMappingHandlerMapping - Mapped "{[/swagger-resources/configuration/security]}" onto org.springframework.http.ResponseEntity<springfox.documentation.swagger.web.SecurityConfiguration> springfox.documentation.swagger.web.ApiResourceController.securityConfiguration()
4840 [restartedMain] INFO  o.s.w.s.m.m.a.RequestMappingHandlerMapping - Mapped "{[/swagger-resources]}" onto org.springframework.http.ResponseEntity<java.util.List<springfox.documentation.swagger.web.SwaggerResource>> springfox.documentation.swagger.web.ApiResourceController.swaggerResources()
4841 [restartedMain] INFO  o.s.w.s.m.m.a.RequestMappingHandlerMapping - Mapped "{[/swagger-resources/configuration/ui]}" onto org.springframework.http.ResponseEntity<springfox.documentation.swagger.web.UiConfiguration> springfox.documentation.swagger.web.ApiResourceController.uiConfiguration()
4845 [restartedMain] INFO  o.s.w.s.m.m.a.RequestMappingHandlerMapping - Mapped "{[/error],produces=[text/html]}" onto public org.springframework.web.servlet.ModelAndView org.springframework.boot.autoconfigure.web.BasicErrorController.errorHtml(javax.servlet.http.HttpServletRequest,javax.servlet.http.HttpServletResponse)
4846 [restartedMain] INFO  o.s.w.s.m.m.a.RequestMappingHandlerMapping - Mapped "{[/error]}" onto public org.springframework.http.ResponseEntity<java.util.Map<java.lang.String, java.lang.Object>> org.springframework.boot.autoconfigure.web.BasicErrorController.error(javax.servlet.http.HttpServletRequest)
5153 [restartedMain] INFO  o.s.w.s.m.m.a.RequestMappingHandlerAdapter - Looking for @ControllerAdvice: org.springframework.boot.context.embedded.AnnotationConfigEmbeddedWebApplicationContext@48f3ea64: startup date [Mon Mar 05 18:44:22 IST 2018]; root of context hierarchy
5210 [restartedMain] INFO  o.s.w.s.h.SimpleUrlHandlerMapping - Mapped URL path [/webjars/**] onto handler of type [class org.springframework.web.servlet.resource.ResourceHttpRequestHandler]
5210 [restartedMain] INFO  o.s.w.s.h.SimpleUrlHandlerMapping - Mapped URL path [/**] onto handler of type [class org.springframework.web.servlet.resource.ResourceHttpRequestHandler]
5250 [restartedMain] INFO  o.s.w.s.h.SimpleUrlHandlerMapping - Mapped URL path [/**/favicon.ico] onto handler of type [class org.springframework.web.servlet.resource.ResourceHttpRequestHandler]
5908 [restartedMain] INFO  com.oodles.OodlesTechApplication - Started OodlesTechApplication in 5.655 seconds (JVM running for 6.313)
13937 [http-nio-1119-exec-1] INFO  o.s.web.servlet.DispatcherServlet - FrameworkServlet 'dispatcherServlet': initialization started
13955 [http-nio-1119-exec-1] INFO  o.s.web.servlet.DispatcherServlet - FrameworkServlet 'dispatcherServlet': initialization completed in 17 ms
14017 [http-nio-1119-exec-1] INFO  c.o.controller.MarketController - ------------------------------------------------------------com.oodles.domain.User@4646e027
14141 [http-nio-1119-exec-1] INFO  com.oodles.services.UserService - Exception occured
574854 [http-nio-1119-exec-6] WARN  o.s.w.s.m.s.DefaultHandlerExceptionResolver - Failed to read HTTP message: org.springframework.http.converter.HttpMessageNotReadableException: JSON parse error: Unrecognized field "user_Address_id" (class com.oodles.domain.User), not marked as ignorable; nested exception is com.fasterxml.jackson.databind.exc.UnrecognizedPropertyException: Unrecognized field "user_Address_id" (class com.oodles.domain.User), not marked as ignorable (8 known properties: "isActive", "gender", "phoneNumber", "userAddress", "id", "email", "name", "password"])
 at [Source: java.io.PushbackInputStream@1b6e8595; line: 7, column: 20] (through reference chain: com.oodles.domain.User["user_Address_id"])
574856 [http-nio-1119-exec-6] WARN  o.s.w.s.m.s.DefaultHandlerExceptionResolver - Resolved exception caused by Handler execution: org.springframework.http.converter.HttpMessageNotReadableException: JSON parse error: Unrecognized field "user_Address_id" (class com.oodles.domain.User), not marked as ignorable; nested exception is com.fasterxml.jackson.databind.exc.UnrecognizedPropertyException: Unrecognized field "user_Address_id" (class com.oodles.domain.User), not marked as ignorable (8 known properties: "isActive", "gender", "phoneNumber", "userAddress", "id", "email", "name", "password"])
 at [Source: java.io.PushbackInputStream@1b6e8595; line: 7, column: 20] (through reference chain: com.oodles.domain.User["user_Address_id"])
615855 [http-nio-1119-exec-7] INFO  c.o.controller.MarketController - ------------------------------------------------------------com.oodles.domain.User@7b8dc9a0
615870 [http-nio-1119-exec-7] INFO  com.oodles.services.UserService - Exception occured
659154 [http-nio-1119-exec-3] INFO  c.o.controller.MarketController - ------------------------------------------------------------com.oodles.domain.User@64b2564d
